{"/Users/alexanderramin/Documents/GitHub/Victus/frontend/cypress.config.ts": {"path":"/Users/alexanderramin/Documents/GitHub/Victus/frontend/cypress.config.ts","all":true,"statementMap":{"0":{"start":{"line":1,"column":0},"end":{"line":1,"column":38}},"1":{"start":{"line":2,"column":0},"end":{"line":2,"column":77}},"2":{"start":{"line":3,"column":0},"end":{"line":3,"column":81}},"3":{"start":{"line":4,"column":0},"end":{"line":4,"column":87}},"4":{"start":{"line":5,"column":0},"end":{"line":5,"column":85}},"6":{"start":{"line":7,"column":0},"end":{"line":7,"column":76}},"7":{"start":{"line":8,"column":0},"end":{"line":8,"column":70}},"9":{"start":{"line":10,"column":0},"end":{"line":10,"column":29}},"10":{"start":{"line":11,"column":0},"end":{"line":11,"column":8}},"11":{"start":{"line":12,"column":0},"end":{"line":12,"column":15}},"12":{"start":{"line":13,"column":0},"end":{"line":13,"column":4}},"13":{"start":{"line":14,"column":0},"end":{"line":14,"column":8}},"14":{"start":{"line":15,"column":0},"end":{"line":15,"column":12}},"15":{"start":{"line":16,"column":0},"end":{"line":16,"column":44}},"16":{"start":{"line":17,"column":0},"end":{"line":17,"column":42}},"17":{"start":{"line":18,"column":0},"end":{"line":18,"column":39}},"18":{"start":{"line":19,"column":0},"end":{"line":19,"column":53}},"19":{"start":{"line":20,"column":0},"end":{"line":20,"column":9}},"20":{"start":{"line":21,"column":0},"end":{"line":21,"column":28}},"21":{"start":{"line":22,"column":0},"end":{"line":22,"column":23}},"22":{"start":{"line":23,"column":0},"end":{"line":23,"column":49}},"23":{"start":{"line":24,"column":0},"end":{"line":24,"column":10}},"24":{"start":{"line":25,"column":0},"end":{"line":25,"column":7}},"25":{"start":{"line":26,"column":0},"end":{"line":26,"column":19}},"26":{"start":{"line":27,"column":0},"end":{"line":27,"column":6}},"27":{"start":{"line":28,"column":0},"end":{"line":28,"column":4}},"28":{"start":{"line":29,"column":0},"end":{"line":29,"column":2}}},"s":{"0":0,"1":0,"2":0,"3":0,"4":0,"6":0,"7":0,"9":0,"10":0,"11":0,"12":0,"13":0,"14":0,"15":0,"16":0,"17":0,"18":0,"19":0,"20":0,"21":0,"22":0,"23":0,"24":0,"25":0,"26":0,"27":0,"28":0},"branchMap":{"0":{"type":"branch","line":1,"loc":{"start":{"line":1,"column":953},"end":{"line":29,"column":2}},"locations":[{"start":{"line":1,"column":953},"end":{"line":29,"column":2}}]}},"b":{"0":[0]},"fnMap":{"0":{"name":"(empty-report)","decl":{"start":{"line":1,"column":953},"end":{"line":29,"column":2}},"loc":{"start":{"line":1,"column":953},"end":{"line":29,"column":2}},"line":1}},"f":{"0":0}}
,"/Users/alexanderramin/Documents/GitHub/Victus/frontend/vite.config.ts": {"path":"/Users/alexanderramin/Documents/GitHub/Victus/frontend/vite.config.ts","all":true,"statementMap":{"1":{"start":{"line":2,"column":0},"end":{"line":2,"column":35}},"2":{"start":{"line":3,"column":0},"end":{"line":3,"column":40}},"3":{"start":{"line":4,"column":0},"end":{"line":4,"column":43}},"5":{"start":{"line":6,"column":0},"end":{"line":6,"column":29}},"6":{"start":{"line":7,"column":0},"end":{"line":7,"column":36}},"7":{"start":{"line":8,"column":0},"end":{"line":8,"column":11}},"8":{"start":{"line":9,"column":0},"end":{"line":9,"column":15}},"9":{"start":{"line":10,"column":0},"end":{"line":10,"column":15}},"10":{"start":{"line":11,"column":0},"end":{"line":11,"column":12}},"11":{"start":{"line":12,"column":0},"end":{"line":12,"column":15}},"12":{"start":{"line":13,"column":0},"end":{"line":13,"column":68}},"13":{"start":{"line":14,"column":0},"end":{"line":14,"column":26}},"14":{"start":{"line":15,"column":0},"end":{"line":15,"column":7}},"15":{"start":{"line":16,"column":0},"end":{"line":16,"column":5}},"16":{"start":{"line":17,"column":0},"end":{"line":17,"column":4}},"17":{"start":{"line":18,"column":0},"end":{"line":18,"column":12}},"18":{"start":{"line":19,"column":0},"end":{"line":19,"column":15}},"19":{"start":{"line":20,"column":0},"end":{"line":20,"column":14}},"20":{"start":{"line":21,"column":0},"end":{"line":21,"column":4}},"21":{"start":{"line":22,"column":0},"end":{"line":22,"column":9}},"22":{"start":{"line":23,"column":0},"end":{"line":23,"column":18}},"23":{"start":{"line":24,"column":0},"end":{"line":24,"column":25}},"24":{"start":{"line":25,"column":0},"end":{"line":25,"column":40}},"25":{"start":{"line":26,"column":0},"end":{"line":26,"column":40}},"26":{"start":{"line":27,"column":0},"end":{"line":27,"column":15}},"27":{"start":{"line":28,"column":0},"end":{"line":28,"column":21}},"28":{"start":{"line":29,"column":0},"end":{"line":29,"column":41}},"29":{"start":{"line":30,"column":0},"end":{"line":30,"column":46}},"30":{"start":{"line":31,"column":0},"end":{"line":31,"column":6}},"31":{"start":{"line":32,"column":0},"end":{"line":32,"column":4}},"32":{"start":{"line":33,"column":0},"end":{"line":33,"column":2}}},"s":{"1":0,"2":0,"3":0,"5":0,"6":0,"7":0,"8":0,"9":0,"10":0,"11":0,"12":0,"13":0,"14":0,"15":0,"16":0,"17":0,"18":0,"19":0,"20":0,"21":0,"22":0,"23":0,"24":0,"25":0,"26":0,"27":0,"28":0,"29":0,"30":0,"31":0,"32":0},"branchMap":{"0":{"type":"branch","line":1,"loc":{"start":{"line":1,"column":737},"end":{"line":33,"column":2}},"locations":[{"start":{"line":1,"column":737},"end":{"line":33,"column":2}}]}},"b":{"0":[1]},"fnMap":{"0":{"name":"(empty-report)","decl":{"start":{"line":1,"column":737},"end":{"line":33,"column":2}},"loc":{"start":{"line":1,"column":737},"end":{"line":33,"column":2}},"line":1}},"f":{"0":1}}
,"/Users/alexanderramin/Documents/GitHub/Victus/frontend/cypress/e2e/app.steps.ts": {"path":"/Users/alexanderramin/Documents/GitHub/Victus/frontend/cypress/e2e/app.steps.ts","all":true,"statementMap":{"0":{"start":{"line":1,"column":0},"end":{"line":1,"column":75}},"1":{"start":{"line":2,"column":0},"end":{"line":2,"column":69}},"3":{"start":{"line":4,"column":0},"end":{"line":4,"column":54}},"5":{"start":{"line":6,"column":0},"end":{"line":6,"column":35}},"7":{"start":{"line":8,"column":0},"end":{"line":8,"column":2}},"9":{"start":{"line":10,"column":0},"end":{"line":10,"column":37}},"10":{"start":{"line":11,"column":0},"end":{"line":11,"column":15}},"11":{"start":{"line":12,"column":0},"end":{"line":12,"column":2}},"13":{"start":{"line":14,"column":0},"end":{"line":14,"column":40}},"14":{"start":{"line":15,"column":0},"end":{"line":15,"column":50}},"15":{"start":{"line":16,"column":0},"end":{"line":16,"column":2}},"17":{"start":{"line":18,"column":0},"end":{"line":18,"column":56}},"20":{"start":{"line":21,"column":0},"end":{"line":21,"column":32}},"22":{"start":{"line":23,"column":0},"end":{"line":23,"column":34}},"23":{"start":{"line":24,"column":0},"end":{"line":24,"column":45}},"24":{"start":{"line":25,"column":0},"end":{"line":25,"column":50}},"25":{"start":{"line":26,"column":0},"end":{"line":26,"column":5}},"26":{"start":{"line":27,"column":0},"end":{"line":27,"column":4}},"27":{"start":{"line":28,"column":0},"end":{"line":28,"column":2}},"29":{"start":{"line":30,"column":0},"end":{"line":30,"column":39}},"31":{"start":{"line":32,"column":0},"end":{"line":32,"column":14}},"32":{"start":{"line":33,"column":0},"end":{"line":33,"column":21}},"33":{"start":{"line":34,"column":0},"end":{"line":34,"column":40}},"34":{"start":{"line":35,"column":0},"end":{"line":35,"column":28}},"35":{"start":{"line":36,"column":0},"end":{"line":36,"column":4}},"37":{"start":{"line":38,"column":0},"end":{"line":38,"column":14}},"38":{"start":{"line":39,"column":0},"end":{"line":39,"column":21}},"39":{"start":{"line":40,"column":0},"end":{"line":40,"column":37}},"40":{"start":{"line":41,"column":0},"end":{"line":41,"column":28}},"41":{"start":{"line":42,"column":0},"end":{"line":42,"column":4}},"42":{"start":{"line":43,"column":0},"end":{"line":43,"column":2}},"44":{"start":{"line":45,"column":0},"end":{"line":45,"column":38}},"45":{"start":{"line":46,"column":0},"end":{"line":46,"column":14}},"46":{"start":{"line":47,"column":0},"end":{"line":47,"column":18}},"47":{"start":{"line":48,"column":0},"end":{"line":48,"column":37}},"48":{"start":{"line":49,"column":0},"end":{"line":49,"column":23}},"49":{"start":{"line":50,"column":0},"end":{"line":50,"column":36}},"50":{"start":{"line":51,"column":0},"end":{"line":51,"column":2}},"52":{"start":{"line":53,"column":0},"end":{"line":53,"column":50}},"53":{"start":{"line":54,"column":0},"end":{"line":54,"column":75}},"54":{"start":{"line":55,"column":0},"end":{"line":55,"column":2}},"56":{"start":{"line":57,"column":0},"end":{"line":57,"column":48}},"58":{"start":{"line":59,"column":0},"end":{"line":59,"column":79}},"59":{"start":{"line":60,"column":0},"end":{"line":60,"column":2}},"61":{"start":{"line":62,"column":0},"end":{"line":62,"column":54}},"62":{"start":{"line":63,"column":0},"end":{"line":63,"column":54}},"63":{"start":{"line":64,"column":0},"end":{"line":64,"column":2}},"65":{"start":{"line":66,"column":0},"end":{"line":66,"column":49}},"67":{"start":{"line":68,"column":0},"end":{"line":68,"column":93}},"68":{"start":{"line":69,"column":0},"end":{"line":69,"column":2}},"74":{"start":{"line":75,"column":0},"end":{"line":75,"column":62}},"75":{"start":{"line":76,"column":0},"end":{"line":76,"column":41}},"76":{"start":{"line":77,"column":0},"end":{"line":77,"column":20}},"77":{"start":{"line":78,"column":0},"end":{"line":78,"column":38}},"78":{"start":{"line":79,"column":0},"end":{"line":79,"column":23}},"79":{"start":{"line":80,"column":0},"end":{"line":80,"column":2}},"81":{"start":{"line":82,"column":0},"end":{"line":82,"column":52}},"82":{"start":{"line":83,"column":0},"end":{"line":83,"column":19}},"83":{"start":{"line":84,"column":0},"end":{"line":84,"column":50}},"84":{"start":{"line":85,"column":0},"end":{"line":85,"column":18}},"85":{"start":{"line":86,"column":0},"end":{"line":86,"column":26}},"86":{"start":{"line":87,"column":0},"end":{"line":87,"column":71}},"87":{"start":{"line":88,"column":0},"end":{"line":88,"column":12}},"88":{"start":{"line":89,"column":0},"end":{"line":89,"column":56}},"89":{"start":{"line":90,"column":0},"end":{"line":90,"column":5}},"90":{"start":{"line":91,"column":0},"end":{"line":91,"column":23}},"91":{"start":{"line":92,"column":0},"end":{"line":92,"column":2}},"93":{"start":{"line":94,"column":0},"end":{"line":94,"column":43}},"94":{"start":{"line":95,"column":0},"end":{"line":95,"column":54}},"95":{"start":{"line":96,"column":0},"end":{"line":96,"column":2}},"97":{"start":{"line":98,"column":0},"end":{"line":98,"column":40}},"98":{"start":{"line":99,"column":0},"end":{"line":99,"column":41}},"99":{"start":{"line":100,"column":0},"end":{"line":100,"column":2}},"105":{"start":{"line":106,"column":0},"end":{"line":106,"column":34}},"106":{"start":{"line":107,"column":0},"end":{"line":107,"column":13}},"107":{"start":{"line":108,"column":0},"end":{"line":108,"column":2}},"113":{"start":{"line":114,"column":0},"end":{"line":114,"column":49}},"114":{"start":{"line":115,"column":0},"end":{"line":115,"column":22}},"115":{"start":{"line":116,"column":0},"end":{"line":116,"column":2}},"117":{"start":{"line":118,"column":0},"end":{"line":118,"column":54}},"118":{"start":{"line":119,"column":0},"end":{"line":119,"column":27}},"119":{"start":{"line":120,"column":0},"end":{"line":120,"column":2}},"121":{"start":{"line":122,"column":0},"end":{"line":122,"column":49}},"122":{"start":{"line":123,"column":0},"end":{"line":123,"column":22}},"123":{"start":{"line":124,"column":0},"end":{"line":124,"column":2}},"129":{"start":{"line":130,"column":0},"end":{"line":130,"column":56}},"130":{"start":{"line":131,"column":0},"end":{"line":131,"column":93}},"131":{"start":{"line":132,"column":0},"end":{"line":132,"column":2}},"133":{"start":{"line":134,"column":0},"end":{"line":134,"column":54}},"135":{"start":{"line":136,"column":0},"end":{"line":136,"column":32}},"136":{"start":{"line":137,"column":0},"end":{"line":137,"column":2}}},"s":{"0":0,"1":0,"3":0,"5":0,"7":0,"9":0,"10":0,"11":0,"13":0,"14":0,"15":0,"17":0,"20":0,"22":0,"23":0,"24":0,"25":0,"26":0,"27":0,"29":0,"31":0,"32":0,"33":0,"34":0,"35":0,"37":0,"38":0,"39":0,"40":0,"41":0,"42":0,"44":0,"45":0,"46":0,"47":0,"48":0,"49":0,"50":0,"52":0,"53":0,"54":0,"56":0,"58":0,"59":0,"61":0,"62":0,"63":0,"65":0,"67":0,"68":0,"74":0,"75":0,"76":0,"77":0,"78":0,"79":0,"81":0,"82":0,"83":0,"84":0,"85":0,"86":0,"87":0,"88":0,"89":0,"90":0,"91":0,"93":0,"94":0,"95":0,"97":0,"98":0,"99":0,"105":0,"106":0,"107":0,"113":0,"114":0,"115":0,"117":0,"118":0,"119":0,"121":0,"122":0,"123":0,"129":0,"130":0,"131":0,"133":0,"135":0,"136":0},"branchMap":{"0":{"type":"branch","line":1,"loc":{"start":{"line":1,"column":4057},"end":{"line":137,"column":2}},"locations":[{"start":{"line":1,"column":4057},"end":{"line":137,"column":2}}]}},"b":{"0":[0]},"fnMap":{"0":{"name":"(empty-report)","decl":{"start":{"line":1,"column":4057},"end":{"line":137,"column":2}},"loc":{"start":{"line":1,"column":4057},"end":{"line":137,"column":2}},"line":1}},"f":{"0":0}}
,"/Users/alexanderramin/Documents/GitHub/Victus/frontend/cypress/e2e/dailylog.steps.ts": {"path":"/Users/alexanderramin/Documents/GitHub/Victus/frontend/cypress/e2e/dailylog.steps.ts","all":true,"statementMap":{"0":{"start":{"line":1,"column":0},"end":{"line":1,"column":75}},"3":{"start":{"line":4,"column":0},"end":{"line":4,"column":55}},"4":{"start":{"line":5,"column":0},"end":{"line":5,"column":92}},"6":{"start":{"line":7,"column":0},"end":{"line":7,"column":54}},"8":{"start":{"line":9,"column":0},"end":{"line":9,"column":25}},"9":{"start":{"line":10,"column":0},"end":{"line":10,"column":19}},"10":{"start":{"line":11,"column":0},"end":{"line":11,"column":28}},"11":{"start":{"line":12,"column":0},"end":{"line":12,"column":5}},"12":{"start":{"line":13,"column":0},"end":{"line":13,"column":27}},"13":{"start":{"line":14,"column":0},"end":{"line":14,"column":22}},"14":{"start":{"line":15,"column":0},"end":{"line":15,"column":6}},"15":{"start":{"line":16,"column":0},"end":{"line":16,"column":4}},"16":{"start":{"line":17,"column":0},"end":{"line":17,"column":1}},"18":{"start":{"line":19,"column":0},"end":{"line":19,"column":32}},"19":{"start":{"line":20,"column":0},"end":{"line":20,"column":3}},"20":{"start":{"line":21,"column":0},"end":{"line":21,"column":21}},"21":{"start":{"line":22,"column":0},"end":{"line":22,"column":20}},"22":{"start":{"line":23,"column":0},"end":{"line":23,"column":26}},"23":{"start":{"line":24,"column":0},"end":{"line":24,"column":25}},"24":{"start":{"line":25,"column":0},"end":{"line":25,"column":4}},"25":{"start":{"line":26,"column":0},"end":{"line":26,"column":3}},"26":{"start":{"line":27,"column":0},"end":{"line":27,"column":20}},"27":{"start":{"line":28,"column":0},"end":{"line":28,"column":20}},"28":{"start":{"line":29,"column":0},"end":{"line":29,"column":4}},"29":{"start":{"line":30,"column":0},"end":{"line":30,"column":1}},"31":{"start":{"line":32,"column":0},"end":{"line":32,"column":42}},"32":{"start":{"line":33,"column":0},"end":{"line":33,"column":14}},"33":{"start":{"line":34,"column":0},"end":{"line":34,"column":19}},"34":{"start":{"line":35,"column":0},"end":{"line":35,"column":34}},"35":{"start":{"line":36,"column":0},"end":{"line":36,"column":24}},"36":{"start":{"line":37,"column":0},"end":{"line":37,"column":28}},"37":{"start":{"line":38,"column":0},"end":{"line":38,"column":23}},"38":{"start":{"line":39,"column":0},"end":{"line":39,"column":2}},"40":{"start":{"line":41,"column":0},"end":{"line":41,"column":63}},"41":{"start":{"line":42,"column":0},"end":{"line":42,"column":14}},"42":{"start":{"line":43,"column":0},"end":{"line":43,"column":19}},"43":{"start":{"line":44,"column":0},"end":{"line":44,"column":34}},"44":{"start":{"line":45,"column":0},"end":{"line":45,"column":26}},"45":{"start":{"line":46,"column":0},"end":{"line":46,"column":28}},"46":{"start":{"line":47,"column":0},"end":{"line":47,"column":23}},"47":{"start":{"line":48,"column":0},"end":{"line":48,"column":2}},"49":{"start":{"line":50,"column":0},"end":{"line":50,"column":41}},"50":{"start":{"line":51,"column":0},"end":{"line":51,"column":14}},"51":{"start":{"line":52,"column":0},"end":{"line":52,"column":18}},"52":{"start":{"line":53,"column":0},"end":{"line":53,"column":40}},"53":{"start":{"line":54,"column":0},"end":{"line":54,"column":28}},"54":{"start":{"line":55,"column":0},"end":{"line":55,"column":23}},"55":{"start":{"line":56,"column":0},"end":{"line":56,"column":2}},"57":{"start":{"line":58,"column":0},"end":{"line":58,"column":72}},"58":{"start":{"line":59,"column":0},"end":{"line":59,"column":46}},"59":{"start":{"line":60,"column":0},"end":{"line":60,"column":88}},"61":{"start":{"line":62,"column":0},"end":{"line":62,"column":43}},"62":{"start":{"line":63,"column":0},"end":{"line":63,"column":69}},"64":{"start":{"line":65,"column":0},"end":{"line":65,"column":49}},"65":{"start":{"line":66,"column":0},"end":{"line":66,"column":51}},"66":{"start":{"line":67,"column":0},"end":{"line":67,"column":48}},"67":{"start":{"line":68,"column":0},"end":{"line":68,"column":51}},"68":{"start":{"line":69,"column":0},"end":{"line":69,"column":83}},"69":{"start":{"line":70,"column":0},"end":{"line":70,"column":34}},"70":{"start":{"line":71,"column":0},"end":{"line":71,"column":44}},"71":{"start":{"line":72,"column":0},"end":{"line":72,"column":46}},"72":{"start":{"line":73,"column":0},"end":{"line":73,"column":44}},"73":{"start":{"line":74,"column":0},"end":{"line":74,"column":4}},"74":{"start":{"line":75,"column":0},"end":{"line":75,"column":2}},"76":{"start":{"line":77,"column":0},"end":{"line":77,"column":76}},"77":{"start":{"line":78,"column":0},"end":{"line":78,"column":46}},"78":{"start":{"line":79,"column":0},"end":{"line":79,"column":88}},"80":{"start":{"line":81,"column":0},"end":{"line":81,"column":50}},"81":{"start":{"line":82,"column":0},"end":{"line":82,"column":58}},"82":{"start":{"line":83,"column":0},"end":{"line":83,"column":66}},"84":{"start":{"line":85,"column":0},"end":{"line":85,"column":83}},"85":{"start":{"line":86,"column":0},"end":{"line":86,"column":38}},"86":{"start":{"line":87,"column":0},"end":{"line":87,"column":84}},"87":{"start":{"line":88,"column":0},"end":{"line":88,"column":98}},"88":{"start":{"line":89,"column":0},"end":{"line":89,"column":4}},"89":{"start":{"line":90,"column":0},"end":{"line":90,"column":2}},"91":{"start":{"line":92,"column":0},"end":{"line":92,"column":42}},"92":{"start":{"line":93,"column":0},"end":{"line":93,"column":14}},"93":{"start":{"line":94,"column":0},"end":{"line":94,"column":21}},"94":{"start":{"line":95,"column":0},"end":{"line":95,"column":40}},"95":{"start":{"line":96,"column":0},"end":{"line":96,"column":28}},"96":{"start":{"line":97,"column":0},"end":{"line":97,"column":23}},"97":{"start":{"line":98,"column":0},"end":{"line":98,"column":2}},"99":{"start":{"line":100,"column":0},"end":{"line":100,"column":53}},"100":{"start":{"line":101,"column":0},"end":{"line":101,"column":14}},"101":{"start":{"line":102,"column":0},"end":{"line":102,"column":20}},"102":{"start":{"line":103,"column":0},"end":{"line":103,"column":72}},"103":{"start":{"line":104,"column":0},"end":{"line":104,"column":11}},"104":{"start":{"line":105,"column":0},"end":{"line":105,"column":45}},"105":{"start":{"line":106,"column":0},"end":{"line":106,"column":6}},"106":{"start":{"line":107,"column":0},"end":{"line":107,"column":28}},"107":{"start":{"line":108,"column":0},"end":{"line":108,"column":23}},"108":{"start":{"line":109,"column":0},"end":{"line":109,"column":2}},"110":{"start":{"line":111,"column":0},"end":{"line":111,"column":52}},"111":{"start":{"line":112,"column":0},"end":{"line":112,"column":14}},"112":{"start":{"line":113,"column":0},"end":{"line":113,"column":20}},"113":{"start":{"line":114,"column":0},"end":{"line":114,"column":72}},"114":{"start":{"line":115,"column":0},"end":{"line":115,"column":11}},"115":{"start":{"line":116,"column":0},"end":{"line":116,"column":25}},"116":{"start":{"line":117,"column":0},"end":{"line":117,"column":6}},"117":{"start":{"line":118,"column":0},"end":{"line":118,"column":28}},"118":{"start":{"line":119,"column":0},"end":{"line":119,"column":23}},"119":{"start":{"line":120,"column":0},"end":{"line":120,"column":2}},"121":{"start":{"line":122,"column":0},"end":{"line":122,"column":59}},"122":{"start":{"line":123,"column":0},"end":{"line":123,"column":14}},"123":{"start":{"line":124,"column":0},"end":{"line":124,"column":20}},"124":{"start":{"line":125,"column":0},"end":{"line":125,"column":72}},"125":{"start":{"line":126,"column":0},"end":{"line":126,"column":11}},"126":{"start":{"line":127,"column":0},"end":{"line":127,"column":45}},"127":{"start":{"line":128,"column":0},"end":{"line":128,"column":6}},"128":{"start":{"line":129,"column":0},"end":{"line":129,"column":28}},"129":{"start":{"line":130,"column":0},"end":{"line":130,"column":4}},"130":{"start":{"line":131,"column":0},"end":{"line":131,"column":2}},"132":{"start":{"line":133,"column":0},"end":{"line":133,"column":46}},"133":{"start":{"line":134,"column":0},"end":{"line":134,"column":14}},"134":{"start":{"line":135,"column":0},"end":{"line":135,"column":19}},"135":{"start":{"line":136,"column":0},"end":{"line":136,"column":34}},"136":{"start":{"line":137,"column":0},"end":{"line":137,"column":11}},"137":{"start":{"line":138,"column":0},"end":{"line":138,"column":23}},"138":{"start":{"line":139,"column":0},"end":{"line":139,"column":29}},"139":{"start":{"line":140,"column":0},"end":{"line":140,"column":6}},"140":{"start":{"line":141,"column":0},"end":{"line":141,"column":28}},"141":{"start":{"line":142,"column":0},"end":{"line":142,"column":23}},"142":{"start":{"line":143,"column":0},"end":{"line":143,"column":2}},"144":{"start":{"line":145,"column":0},"end":{"line":145,"column":44}},"145":{"start":{"line":146,"column":0},"end":{"line":146,"column":14}},"146":{"start":{"line":147,"column":0},"end":{"line":147,"column":19}},"147":{"start":{"line":148,"column":0},"end":{"line":148,"column":34}},"148":{"start":{"line":149,"column":0},"end":{"line":149,"column":11}},"149":{"start":{"line":150,"column":0},"end":{"line":150,"column":23}},"150":{"start":{"line":151,"column":0},"end":{"line":151,"column":27}},"151":{"start":{"line":152,"column":0},"end":{"line":152,"column":6}},"152":{"start":{"line":153,"column":0},"end":{"line":153,"column":28}},"153":{"start":{"line":154,"column":0},"end":{"line":154,"column":23}},"154":{"start":{"line":155,"column":0},"end":{"line":155,"column":2}},"156":{"start":{"line":157,"column":0},"end":{"line":157,"column":68}},"157":{"start":{"line":158,"column":0},"end":{"line":158,"column":46}},"158":{"start":{"line":159,"column":0},"end":{"line":159,"column":88}},"159":{"start":{"line":160,"column":0},"end":{"line":160,"column":69}},"160":{"start":{"line":161,"column":0},"end":{"line":161,"column":73}},"163":{"start":{"line":164,"column":0},"end":{"line":164,"column":51}},"164":{"start":{"line":165,"column":0},"end":{"line":165,"column":53}},"165":{"start":{"line":166,"column":0},"end":{"line":166,"column":50}},"168":{"start":{"line":169,"column":0},"end":{"line":169,"column":49}},"169":{"start":{"line":170,"column":0},"end":{"line":170,"column":51}},"170":{"start":{"line":171,"column":0},"end":{"line":171,"column":48}},"171":{"start":{"line":172,"column":0},"end":{"line":172,"column":4}},"172":{"start":{"line":173,"column":0},"end":{"line":173,"column":2}},"174":{"start":{"line":175,"column":0},"end":{"line":175,"column":70}},"175":{"start":{"line":176,"column":0},"end":{"line":176,"column":46}},"176":{"start":{"line":177,"column":0},"end":{"line":177,"column":88}},"177":{"start":{"line":178,"column":0},"end":{"line":178,"column":69}},"178":{"start":{"line":179,"column":0},"end":{"line":179,"column":73}},"181":{"start":{"line":182,"column":0},"end":{"line":182,"column":51}},"182":{"start":{"line":183,"column":0},"end":{"line":183,"column":53}},"185":{"start":{"line":186,"column":0},"end":{"line":186,"column":49}},"186":{"start":{"line":187,"column":0},"end":{"line":187,"column":51}},"187":{"start":{"line":188,"column":0},"end":{"line":188,"column":4}},"188":{"start":{"line":189,"column":0},"end":{"line":189,"column":2}},"190":{"start":{"line":191,"column":0},"end":{"line":191,"column":78}},"191":{"start":{"line":192,"column":0},"end":{"line":192,"column":46}},"192":{"start":{"line":193,"column":0},"end":{"line":193,"column":88}},"193":{"start":{"line":194,"column":0},"end":{"line":194,"column":82}},"195":{"start":{"line":196,"column":0},"end":{"line":196,"column":66}},"196":{"start":{"line":197,"column":0},"end":{"line":197,"column":69}},"197":{"start":{"line":198,"column":0},"end":{"line":198,"column":83}},"198":{"start":{"line":199,"column":0},"end":{"line":199,"column":97}},"199":{"start":{"line":200,"column":0},"end":{"line":200,"column":4}},"200":{"start":{"line":201,"column":0},"end":{"line":201,"column":2}},"202":{"start":{"line":203,"column":0},"end":{"line":203,"column":82}},"203":{"start":{"line":204,"column":0},"end":{"line":204,"column":46}},"204":{"start":{"line":205,"column":0},"end":{"line":205,"column":88}},"205":{"start":{"line":206,"column":0},"end":{"line":206,"column":55}},"206":{"start":{"line":207,"column":0},"end":{"line":207,"column":4}},"207":{"start":{"line":208,"column":0},"end":{"line":208,"column":2}},"209":{"start":{"line":210,"column":0},"end":{"line":210,"column":67}},"210":{"start":{"line":211,"column":0},"end":{"line":211,"column":46}},"211":{"start":{"line":212,"column":0},"end":{"line":212,"column":88}},"212":{"start":{"line":213,"column":0},"end":{"line":213,"column":67}},"213":{"start":{"line":214,"column":0},"end":{"line":214,"column":103}},"215":{"start":{"line":216,"column":0},"end":{"line":216,"column":72}},"216":{"start":{"line":217,"column":0},"end":{"line":217,"column":60}},"217":{"start":{"line":218,"column":0},"end":{"line":218,"column":4}},"218":{"start":{"line":219,"column":0},"end":{"line":219,"column":2}},"224":{"start":{"line":225,"column":0},"end":{"line":225,"column":46}},"225":{"start":{"line":226,"column":0},"end":{"line":226,"column":14}},"226":{"start":{"line":227,"column":0},"end":{"line":227,"column":21}},"227":{"start":{"line":228,"column":0},"end":{"line":228,"column":40}},"228":{"start":{"line":229,"column":0},"end":{"line":229,"column":28}},"229":{"start":{"line":230,"column":0},"end":{"line":230,"column":4}},"230":{"start":{"line":231,"column":0},"end":{"line":231,"column":2}},"232":{"start":{"line":233,"column":0},"end":{"line":233,"column":48}},"233":{"start":{"line":234,"column":0},"end":{"line":234,"column":61}},"234":{"start":{"line":235,"column":0},"end":{"line":235,"column":99}},"235":{"start":{"line":236,"column":0},"end":{"line":236,"column":21}},"236":{"start":{"line":237,"column":0},"end":{"line":237,"column":37}},"237":{"start":{"line":238,"column":0},"end":{"line":238,"column":5}},"238":{"start":{"line":239,"column":0},"end":{"line":239,"column":4}},"239":{"start":{"line":240,"column":0},"end":{"line":240,"column":2}},"241":{"start":{"line":242,"column":0},"end":{"line":242,"column":50}},"242":{"start":{"line":243,"column":0},"end":{"line":243,"column":86}},"243":{"start":{"line":244,"column":0},"end":{"line":244,"column":12}},"244":{"start":{"line":245,"column":0},"end":{"line":245,"column":12}},"245":{"start":{"line":246,"column":0},"end":{"line":246,"column":17}},"246":{"start":{"line":247,"column":0},"end":{"line":247,"column":2}},"248":{"start":{"line":249,"column":0},"end":{"line":249,"column":55}},"249":{"start":{"line":250,"column":0},"end":{"line":250,"column":14}},"250":{"start":{"line":251,"column":0},"end":{"line":251,"column":18}},"251":{"start":{"line":252,"column":0},"end":{"line":252,"column":40}},"252":{"start":{"line":253,"column":0},"end":{"line":253,"column":25}},"253":{"start":{"line":254,"column":0},"end":{"line":254,"column":47}},"254":{"start":{"line":255,"column":0},"end":{"line":255,"column":4}},"255":{"start":{"line":256,"column":0},"end":{"line":256,"column":2}},"261":{"start":{"line":262,"column":0},"end":{"line":262,"column":56}},"262":{"start":{"line":263,"column":0},"end":{"line":263,"column":14}},"263":{"start":{"line":264,"column":0},"end":{"line":264,"column":19}},"264":{"start":{"line":265,"column":0},"end":{"line":265,"column":34}},"265":{"start":{"line":266,"column":0},"end":{"line":266,"column":38}},"266":{"start":{"line":267,"column":0},"end":{"line":267,"column":28}},"267":{"start":{"line":268,"column":0},"end":{"line":268,"column":23}},"268":{"start":{"line":269,"column":0},"end":{"line":269,"column":2}},"270":{"start":{"line":271,"column":0},"end":{"line":271,"column":56}},"271":{"start":{"line":272,"column":0},"end":{"line":272,"column":14}},"272":{"start":{"line":273,"column":0},"end":{"line":273,"column":19}},"273":{"start":{"line":274,"column":0},"end":{"line":274,"column":34}},"274":{"start":{"line":275,"column":0},"end":{"line":275,"column":38}},"275":{"start":{"line":276,"column":0},"end":{"line":276,"column":28}},"276":{"start":{"line":277,"column":0},"end":{"line":277,"column":23}},"277":{"start":{"line":278,"column":0},"end":{"line":278,"column":2}},"279":{"start":{"line":280,"column":0},"end":{"line":280,"column":62}},"280":{"start":{"line":281,"column":0},"end":{"line":281,"column":14}},"281":{"start":{"line":282,"column":0},"end":{"line":282,"column":19}},"282":{"start":{"line":283,"column":0},"end":{"line":283,"column":34}},"283":{"start":{"line":284,"column":0},"end":{"line":284,"column":43}},"284":{"start":{"line":285,"column":0},"end":{"line":285,"column":28}},"285":{"start":{"line":286,"column":0},"end":{"line":286,"column":23}},"286":{"start":{"line":287,"column":0},"end":{"line":287,"column":2}},"288":{"start":{"line":289,"column":0},"end":{"line":289,"column":62}},"289":{"start":{"line":290,"column":0},"end":{"line":290,"column":14}},"290":{"start":{"line":291,"column":0},"end":{"line":291,"column":19}},"291":{"start":{"line":292,"column":0},"end":{"line":292,"column":34}},"292":{"start":{"line":293,"column":0},"end":{"line":293,"column":43}},"293":{"start":{"line":294,"column":0},"end":{"line":294,"column":28}},"294":{"start":{"line":295,"column":0},"end":{"line":295,"column":23}},"295":{"start":{"line":296,"column":0},"end":{"line":296,"column":2}},"297":{"start":{"line":298,"column":0},"end":{"line":298,"column":63}},"298":{"start":{"line":299,"column":0},"end":{"line":299,"column":14}},"299":{"start":{"line":300,"column":0},"end":{"line":300,"column":19}},"300":{"start":{"line":301,"column":0},"end":{"line":301,"column":34}},"301":{"start":{"line":302,"column":0},"end":{"line":302,"column":44}},"302":{"start":{"line":303,"column":0},"end":{"line":303,"column":28}},"303":{"start":{"line":304,"column":0},"end":{"line":304,"column":23}},"304":{"start":{"line":305,"column":0},"end":{"line":305,"column":2}},"306":{"start":{"line":307,"column":0},"end":{"line":307,"column":63}},"307":{"start":{"line":308,"column":0},"end":{"line":308,"column":14}},"308":{"start":{"line":309,"column":0},"end":{"line":309,"column":19}},"309":{"start":{"line":310,"column":0},"end":{"line":310,"column":34}},"310":{"start":{"line":311,"column":0},"end":{"line":311,"column":44}},"311":{"start":{"line":312,"column":0},"end":{"line":312,"column":28}},"312":{"start":{"line":313,"column":0},"end":{"line":313,"column":23}},"313":{"start":{"line":314,"column":0},"end":{"line":314,"column":2}},"315":{"start":{"line":316,"column":0},"end":{"line":316,"column":69}},"316":{"start":{"line":317,"column":0},"end":{"line":317,"column":14}},"317":{"start":{"line":318,"column":0},"end":{"line":318,"column":19}},"318":{"start":{"line":319,"column":0},"end":{"line":319,"column":34}},"319":{"start":{"line":320,"column":0},"end":{"line":320,"column":49}},"320":{"start":{"line":321,"column":0},"end":{"line":321,"column":28}},"321":{"start":{"line":322,"column":0},"end":{"line":322,"column":23}},"322":{"start":{"line":323,"column":0},"end":{"line":323,"column":2}},"324":{"start":{"line":325,"column":0},"end":{"line":325,"column":61}},"325":{"start":{"line":326,"column":0},"end":{"line":326,"column":14}},"326":{"start":{"line":327,"column":0},"end":{"line":327,"column":19}},"327":{"start":{"line":328,"column":0},"end":{"line":328,"column":34}},"328":{"start":{"line":329,"column":0},"end":{"line":329,"column":11}},"329":{"start":{"line":330,"column":0},"end":{"line":330,"column":23}},"330":{"start":{"line":331,"column":0},"end":{"line":331,"column":45}},"331":{"start":{"line":332,"column":0},"end":{"line":332,"column":49}},"332":{"start":{"line":333,"column":0},"end":{"line":333,"column":44}},"333":{"start":{"line":334,"column":0},"end":{"line":334,"column":6}},"334":{"start":{"line":335,"column":0},"end":{"line":335,"column":28}},"335":{"start":{"line":336,"column":0},"end":{"line":336,"column":23}},"336":{"start":{"line":337,"column":0},"end":{"line":337,"column":2}},"338":{"start":{"line":339,"column":0},"end":{"line":339,"column":73}},"339":{"start":{"line":340,"column":0},"end":{"line":340,"column":46}},"340":{"start":{"line":341,"column":0},"end":{"line":341,"column":88}},"341":{"start":{"line":342,"column":0},"end":{"line":342,"column":40}},"342":{"start":{"line":343,"column":0},"end":{"line":343,"column":42}},"343":{"start":{"line":344,"column":0},"end":{"line":344,"column":36}},"344":{"start":{"line":345,"column":0},"end":{"line":345,"column":4}},"345":{"start":{"line":346,"column":0},"end":{"line":346,"column":2}},"351":{"start":{"line":352,"column":0},"end":{"line":352,"column":39}},"352":{"start":{"line":353,"column":0},"end":{"line":353,"column":14}},"353":{"start":{"line":354,"column":0},"end":{"line":354,"column":19}},"354":{"start":{"line":355,"column":0},"end":{"line":355,"column":34}},"355":{"start":{"line":356,"column":0},"end":{"line":356,"column":36}},"356":{"start":{"line":357,"column":0},"end":{"line":357,"column":28}},"357":{"start":{"line":358,"column":0},"end":{"line":358,"column":23}},"358":{"start":{"line":359,"column":0},"end":{"line":359,"column":2}},"360":{"start":{"line":361,"column":0},"end":{"line":361,"column":45}},"361":{"start":{"line":362,"column":0},"end":{"line":362,"column":14}},"362":{"start":{"line":363,"column":0},"end":{"line":363,"column":19}},"363":{"start":{"line":364,"column":0},"end":{"line":364,"column":34}},"364":{"start":{"line":365,"column":0},"end":{"line":365,"column":36}},"365":{"start":{"line":366,"column":0},"end":{"line":366,"column":28}},"366":{"start":{"line":367,"column":0},"end":{"line":367,"column":4}},"367":{"start":{"line":368,"column":0},"end":{"line":368,"column":2}},"369":{"start":{"line":370,"column":0},"end":{"line":370,"column":57}},"370":{"start":{"line":371,"column":0},"end":{"line":371,"column":46}},"371":{"start":{"line":372,"column":0},"end":{"line":372,"column":88}},"372":{"start":{"line":373,"column":0},"end":{"line":373,"column":67}},"373":{"start":{"line":374,"column":0},"end":{"line":374,"column":44}},"374":{"start":{"line":375,"column":0},"end":{"line":375,"column":48}},"375":{"start":{"line":376,"column":0},"end":{"line":376,"column":4}},"376":{"start":{"line":377,"column":0},"end":{"line":377,"column":2}},"378":{"start":{"line":379,"column":0},"end":{"line":379,"column":68}},"379":{"start":{"line":380,"column":0},"end":{"line":380,"column":14}},"380":{"start":{"line":381,"column":0},"end":{"line":381,"column":19}},"381":{"start":{"line":382,"column":0},"end":{"line":382,"column":34}},"382":{"start":{"line":383,"column":0},"end":{"line":383,"column":45}},"383":{"start":{"line":384,"column":0},"end":{"line":384,"column":28}},"384":{"start":{"line":385,"column":0},"end":{"line":385,"column":23}},"385":{"start":{"line":386,"column":0},"end":{"line":386,"column":2}},"387":{"start":{"line":388,"column":0},"end":{"line":388,"column":69}},"388":{"start":{"line":389,"column":0},"end":{"line":389,"column":46}},"389":{"start":{"line":390,"column":0},"end":{"line":390,"column":88}},"390":{"start":{"line":391,"column":0},"end":{"line":391,"column":67}},"391":{"start":{"line":392,"column":0},"end":{"line":392,"column":101}},"392":{"start":{"line":393,"column":0},"end":{"line":393,"column":4}},"393":{"start":{"line":394,"column":0},"end":{"line":394,"column":2}},"395":{"start":{"line":396,"column":0},"end":{"line":396,"column":60}},"396":{"start":{"line":397,"column":0},"end":{"line":397,"column":14}},"397":{"start":{"line":398,"column":0},"end":{"line":398,"column":19}},"398":{"start":{"line":399,"column":0},"end":{"line":399,"column":34}},"399":{"start":{"line":400,"column":0},"end":{"line":400,"column":45}},"400":{"start":{"line":401,"column":0},"end":{"line":401,"column":28}},"401":{"start":{"line":402,"column":0},"end":{"line":402,"column":23}},"402":{"start":{"line":403,"column":0},"end":{"line":403,"column":2}},"404":{"start":{"line":405,"column":0},"end":{"line":405,"column":69}},"405":{"start":{"line":406,"column":0},"end":{"line":406,"column":46}},"406":{"start":{"line":407,"column":0},"end":{"line":407,"column":88}},"407":{"start":{"line":408,"column":0},"end":{"line":408,"column":67}},"408":{"start":{"line":409,"column":0},"end":{"line":409,"column":101}},"409":{"start":{"line":410,"column":0},"end":{"line":410,"column":4}},"410":{"start":{"line":411,"column":0},"end":{"line":411,"column":2}},"412":{"start":{"line":413,"column":0},"end":{"line":413,"column":61}},"413":{"start":{"line":414,"column":0},"end":{"line":414,"column":14}},"414":{"start":{"line":415,"column":0},"end":{"line":415,"column":20}},"415":{"start":{"line":416,"column":0},"end":{"line":416,"column":72}},"416":{"start":{"line":417,"column":0},"end":{"line":417,"column":53}},"417":{"start":{"line":418,"column":0},"end":{"line":418,"column":28}},"418":{"start":{"line":419,"column":0},"end":{"line":419,"column":23}},"419":{"start":{"line":420,"column":0},"end":{"line":420,"column":2}},"421":{"start":{"line":422,"column":0},"end":{"line":422,"column":61}},"422":{"start":{"line":423,"column":0},"end":{"line":423,"column":14}},"423":{"start":{"line":424,"column":0},"end":{"line":424,"column":20}},"424":{"start":{"line":425,"column":0},"end":{"line":425,"column":72}},"425":{"start":{"line":426,"column":0},"end":{"line":426,"column":53}},"426":{"start":{"line":427,"column":0},"end":{"line":427,"column":28}},"427":{"start":{"line":428,"column":0},"end":{"line":428,"column":23}},"428":{"start":{"line":429,"column":0},"end":{"line":429,"column":2}},"430":{"start":{"line":431,"column":0},"end":{"line":431,"column":59}},"431":{"start":{"line":432,"column":0},"end":{"line":432,"column":46}},"432":{"start":{"line":433,"column":0},"end":{"line":433,"column":88}},"433":{"start":{"line":434,"column":0},"end":{"line":434,"column":82}},"434":{"start":{"line":435,"column":0},"end":{"line":435,"column":71}},"435":{"start":{"line":436,"column":0},"end":{"line":436,"column":4}},"436":{"start":{"line":437,"column":0},"end":{"line":437,"column":2}},"438":{"start":{"line":439,"column":0},"end":{"line":439,"column":59}},"439":{"start":{"line":440,"column":0},"end":{"line":440,"column":46}},"440":{"start":{"line":441,"column":0},"end":{"line":441,"column":88}},"441":{"start":{"line":442,"column":0},"end":{"line":442,"column":82}},"442":{"start":{"line":443,"column":0},"end":{"line":443,"column":71}},"443":{"start":{"line":444,"column":0},"end":{"line":444,"column":4}},"444":{"start":{"line":445,"column":0},"end":{"line":445,"column":2}},"450":{"start":{"line":451,"column":0},"end":{"line":451,"column":45}},"451":{"start":{"line":452,"column":0},"end":{"line":452,"column":14}},"452":{"start":{"line":453,"column":0},"end":{"line":453,"column":19}},"453":{"start":{"line":454,"column":0},"end":{"line":454,"column":34}},"454":{"start":{"line":455,"column":0},"end":{"line":455,"column":39}},"455":{"start":{"line":456,"column":0},"end":{"line":456,"column":28}},"456":{"start":{"line":457,"column":0},"end":{"line":457,"column":23}},"457":{"start":{"line":458,"column":0},"end":{"line":458,"column":2}},"459":{"start":{"line":460,"column":0},"end":{"line":460,"column":68}},"460":{"start":{"line":461,"column":0},"end":{"line":461,"column":46}},"461":{"start":{"line":462,"column":0},"end":{"line":462,"column":88}},"462":{"start":{"line":463,"column":0},"end":{"line":463,"column":69}},"463":{"start":{"line":464,"column":0},"end":{"line":464,"column":50}},"464":{"start":{"line":465,"column":0},"end":{"line":465,"column":4}},"465":{"start":{"line":466,"column":0},"end":{"line":466,"column":2}},"467":{"start":{"line":468,"column":0},"end":{"line":468,"column":47}},"469":{"start":{"line":470,"column":0},"end":{"line":470,"column":64}},"472":{"start":{"line":473,"column":0},"end":{"line":473,"column":14}},"473":{"start":{"line":474,"column":0},"end":{"line":474,"column":21}},"474":{"start":{"line":475,"column":0},"end":{"line":475,"column":40}},"475":{"start":{"line":476,"column":0},"end":{"line":476,"column":28}},"476":{"start":{"line":477,"column":0},"end":{"line":477,"column":17}},"477":{"start":{"line":478,"column":0},"end":{"line":478,"column":16}},"478":{"start":{"line":479,"column":0},"end":{"line":479,"column":21}},"479":{"start":{"line":480,"column":0},"end":{"line":480,"column":36}},"480":{"start":{"line":481,"column":0},"end":{"line":481,"column":42}},"481":{"start":{"line":482,"column":0},"end":{"line":482,"column":27}},"482":{"start":{"line":483,"column":0},"end":{"line":483,"column":118}},"485":{"start":{"line":486,"column":0},"end":{"line":486,"column":18}},"486":{"start":{"line":487,"column":0},"end":{"line":487,"column":25}},"487":{"start":{"line":488,"column":0},"end":{"line":488,"column":44}},"488":{"start":{"line":489,"column":0},"end":{"line":489,"column":32}},"489":{"start":{"line":490,"column":0},"end":{"line":490,"column":21}},"490":{"start":{"line":491,"column":0},"end":{"line":491,"column":20}},"491":{"start":{"line":492,"column":0},"end":{"line":492,"column":25}},"492":{"start":{"line":493,"column":0},"end":{"line":493,"column":40}},"493":{"start":{"line":494,"column":0},"end":{"line":494,"column":44}},"494":{"start":{"line":495,"column":0},"end":{"line":495,"column":31}},"495":{"start":{"line":496,"column":0},"end":{"line":496,"column":120}},"496":{"start":{"line":497,"column":0},"end":{"line":497,"column":50}},"497":{"start":{"line":498,"column":0},"end":{"line":498,"column":10}},"498":{"start":{"line":499,"column":0},"end":{"line":499,"column":8}},"499":{"start":{"line":500,"column":0},"end":{"line":500,"column":6}},"500":{"start":{"line":501,"column":0},"end":{"line":501,"column":4}},"501":{"start":{"line":502,"column":0},"end":{"line":502,"column":2}},"503":{"start":{"line":504,"column":0},"end":{"line":504,"column":61}},"504":{"start":{"line":505,"column":0},"end":{"line":505,"column":50}},"505":{"start":{"line":506,"column":0},"end":{"line":506,"column":73}},"506":{"start":{"line":507,"column":0},"end":{"line":507,"column":102}},"507":{"start":{"line":508,"column":0},"end":{"line":508,"column":4}},"508":{"start":{"line":509,"column":0},"end":{"line":509,"column":2}},"510":{"start":{"line":511,"column":0},"end":{"line":511,"column":58}},"511":{"start":{"line":512,"column":0},"end":{"line":512,"column":50}},"512":{"start":{"line":513,"column":0},"end":{"line":513,"column":73}},"513":{"start":{"line":514,"column":0},"end":{"line":514,"column":99}},"514":{"start":{"line":515,"column":0},"end":{"line":515,"column":4}},"515":{"start":{"line":516,"column":0},"end":{"line":516,"column":2}},"521":{"start":{"line":522,"column":0},"end":{"line":522,"column":56}},"522":{"start":{"line":523,"column":0},"end":{"line":523,"column":14}},"523":{"start":{"line":524,"column":0},"end":{"line":524,"column":18}},"524":{"start":{"line":525,"column":0},"end":{"line":525,"column":56}},"525":{"start":{"line":526,"column":0},"end":{"line":526,"column":54}},"526":{"start":{"line":527,"column":0},"end":{"line":527,"column":28}},"527":{"start":{"line":528,"column":0},"end":{"line":528,"column":23}},"528":{"start":{"line":529,"column":0},"end":{"line":529,"column":2}},"530":{"start":{"line":531,"column":0},"end":{"line":531,"column":70}},"531":{"start":{"line":532,"column":0},"end":{"line":532,"column":46}},"532":{"start":{"line":533,"column":0},"end":{"line":533,"column":88}},"533":{"start":{"line":534,"column":0},"end":{"line":534,"column":69}},"534":{"start":{"line":535,"column":0},"end":{"line":535,"column":50}},"535":{"start":{"line":536,"column":0},"end":{"line":536,"column":4}},"536":{"start":{"line":537,"column":0},"end":{"line":537,"column":2}},"538":{"start":{"line":539,"column":0},"end":{"line":539,"column":66}},"539":{"start":{"line":540,"column":0},"end":{"line":540,"column":14}},"540":{"start":{"line":541,"column":0},"end":{"line":541,"column":18}},"541":{"start":{"line":542,"column":0},"end":{"line":542,"column":61}},"542":{"start":{"line":543,"column":0},"end":{"line":543,"column":45}},"543":{"start":{"line":544,"column":0},"end":{"line":544,"column":28}},"544":{"start":{"line":545,"column":0},"end":{"line":545,"column":23}},"545":{"start":{"line":546,"column":0},"end":{"line":546,"column":2}},"547":{"start":{"line":548,"column":0},"end":{"line":548,"column":66}},"548":{"start":{"line":549,"column":0},"end":{"line":549,"column":46}},"549":{"start":{"line":550,"column":0},"end":{"line":550,"column":88}},"550":{"start":{"line":551,"column":0},"end":{"line":551,"column":67}},"551":{"start":{"line":552,"column":0},"end":{"line":552,"column":53}},"552":{"start":{"line":553,"column":0},"end":{"line":553,"column":4}},"553":{"start":{"line":554,"column":0},"end":{"line":554,"column":2}},"555":{"start":{"line":556,"column":0},"end":{"line":556,"column":62}},"556":{"start":{"line":557,"column":0},"end":{"line":557,"column":46}},"557":{"start":{"line":558,"column":0},"end":{"line":558,"column":88}},"558":{"start":{"line":559,"column":0},"end":{"line":559,"column":82}},"559":{"start":{"line":560,"column":0},"end":{"line":560,"column":80}},"560":{"start":{"line":561,"column":0},"end":{"line":561,"column":45}},"561":{"start":{"line":562,"column":0},"end":{"line":562,"column":4}},"562":{"start":{"line":563,"column":0},"end":{"line":563,"column":2}},"564":{"start":{"line":565,"column":0},"end":{"line":565,"column":60}},"565":{"start":{"line":566,"column":0},"end":{"line":566,"column":46}},"566":{"start":{"line":567,"column":0},"end":{"line":567,"column":88}},"567":{"start":{"line":568,"column":0},"end":{"line":568,"column":69}},"568":{"start":{"line":569,"column":0},"end":{"line":569,"column":52}},"569":{"start":{"line":570,"column":0},"end":{"line":570,"column":4}},"570":{"start":{"line":571,"column":0},"end":{"line":571,"column":2}},"576":{"start":{"line":577,"column":0},"end":{"line":577,"column":50}},"577":{"start":{"line":578,"column":0},"end":{"line":578,"column":14}},"578":{"start":{"line":579,"column":0},"end":{"line":579,"column":19}},"579":{"start":{"line":580,"column":0},"end":{"line":580,"column":34}},"580":{"start":{"line":581,"column":0},"end":{"line":581,"column":56}},"581":{"start":{"line":582,"column":0},"end":{"line":582,"column":28}},"582":{"start":{"line":583,"column":0},"end":{"line":583,"column":23}},"583":{"start":{"line":584,"column":0},"end":{"line":584,"column":2}},"585":{"start":{"line":586,"column":0},"end":{"line":586,"column":49}},"586":{"start":{"line":587,"column":0},"end":{"line":587,"column":14}},"587":{"start":{"line":588,"column":0},"end":{"line":588,"column":19}},"588":{"start":{"line":589,"column":0},"end":{"line":589,"column":34}},"589":{"start":{"line":590,"column":0},"end":{"line":590,"column":55}},"590":{"start":{"line":591,"column":0},"end":{"line":591,"column":28}},"591":{"start":{"line":592,"column":0},"end":{"line":592,"column":23}},"592":{"start":{"line":593,"column":0},"end":{"line":593,"column":2}},"594":{"start":{"line":595,"column":0},"end":{"line":595,"column":66}},"595":{"start":{"line":596,"column":0},"end":{"line":596,"column":14}},"596":{"start":{"line":597,"column":0},"end":{"line":597,"column":19}},"597":{"start":{"line":598,"column":0},"end":{"line":598,"column":34}},"598":{"start":{"line":599,"column":0},"end":{"line":599,"column":11}},"599":{"start":{"line":600,"column":0},"end":{"line":600,"column":23}},"600":{"start":{"line":601,"column":0},"end":{"line":601,"column":89}},"601":{"start":{"line":602,"column":0},"end":{"line":602,"column":6}},"602":{"start":{"line":603,"column":0},"end":{"line":603,"column":28}},"603":{"start":{"line":604,"column":0},"end":{"line":604,"column":23}},"604":{"start":{"line":605,"column":0},"end":{"line":605,"column":2}},"606":{"start":{"line":607,"column":0},"end":{"line":607,"column":65}},"607":{"start":{"line":608,"column":0},"end":{"line":608,"column":46}},"608":{"start":{"line":609,"column":0},"end":{"line":609,"column":88}},"609":{"start":{"line":610,"column":0},"end":{"line":610,"column":67}},"610":{"start":{"line":611,"column":0},"end":{"line":611,"column":70}},"611":{"start":{"line":612,"column":0},"end":{"line":612,"column":4}},"612":{"start":{"line":613,"column":0},"end":{"line":613,"column":2}}},"s":{"0":0,"3":0,"4":0,"6":0,"8":0,"9":0,"10":0,"11":0,"12":0,"13":0,"14":0,"15":0,"16":0,"18":0,"19":0,"20":0,"21":0,"22":0,"23":0,"24":0,"25":0,"26":0,"27":0,"28":0,"29":0,"31":0,"32":0,"33":0,"34":0,"35":0,"36":0,"37":0,"38":0,"40":0,"41":0,"42":0,"43":0,"44":0,"45":0,"46":0,"47":0,"49":0,"50":0,"51":0,"52":0,"53":0,"54":0,"55":0,"57":0,"58":0,"59":0,"61":0,"62":0,"64":0,"65":0,"66":0,"67":0,"68":0,"69":0,"70":0,"71":0,"72":0,"73":0,"74":0,"76":0,"77":0,"78":0,"80":0,"81":0,"82":0,"84":0,"85":0,"86":0,"87":0,"88":0,"89":0,"91":0,"92":0,"93":0,"94":0,"95":0,"96":0,"97":0,"99":0,"100":0,"101":0,"102":0,"103":0,"104":0,"105":0,"106":0,"107":0,"108":0,"110":0,"111":0,"112":0,"113":0,"114":0,"115":0,"116":0,"117":0,"118":0,"119":0,"121":0,"122":0,"123":0,"124":0,"125":0,"126":0,"127":0,"128":0,"129":0,"130":0,"132":0,"133":0,"134":0,"135":0,"136":0,"137":0,"138":0,"139":0,"140":0,"141":0,"142":0,"144":0,"145":0,"146":0,"147":0,"148":0,"149":0,"150":0,"151":0,"152":0,"153":0,"154":0,"156":0,"157":0,"158":0,"159":0,"160":0,"163":0,"164":0,"165":0,"168":0,"169":0,"170":0,"171":0,"172":0,"174":0,"175":0,"176":0,"177":0,"178":0,"181":0,"182":0,"185":0,"186":0,"187":0,"188":0,"190":0,"191":0,"192":0,"193":0,"195":0,"196":0,"197":0,"198":0,"199":0,"200":0,"202":0,"203":0,"204":0,"205":0,"206":0,"207":0,"209":0,"210":0,"211":0,"212":0,"213":0,"215":0,"216":0,"217":0,"218":0,"224":0,"225":0,"226":0,"227":0,"228":0,"229":0,"230":0,"232":0,"233":0,"234":0,"235":0,"236":0,"237":0,"238":0,"239":0,"241":0,"242":0,"243":0,"244":0,"245":0,"246":0,"248":0,"249":0,"250":0,"251":0,"252":0,"253":0,"254":0,"255":0,"261":0,"262":0,"263":0,"264":0,"265":0,"266":0,"267":0,"268":0,"270":0,"271":0,"272":0,"273":0,"274":0,"275":0,"276":0,"277":0,"279":0,"280":0,"281":0,"282":0,"283":0,"284":0,"285":0,"286":0,"288":0,"289":0,"290":0,"291":0,"292":0,"293":0,"294":0,"295":0,"297":0,"298":0,"299":0,"300":0,"301":0,"302":0,"303":0,"304":0,"306":0,"307":0,"308":0,"309":0,"310":0,"311":0,"312":0,"313":0,"315":0,"316":0,"317":0,"318":0,"319":0,"320":0,"321":0,"322":0,"324":0,"325":0,"326":0,"327":0,"328":0,"329":0,"330":0,"331":0,"332":0,"333":0,"334":0,"335":0,"336":0,"338":0,"339":0,"340":0,"341":0,"342":0,"343":0,"344":0,"345":0,"351":0,"352":0,"353":0,"354":0,"355":0,"356":0,"357":0,"358":0,"360":0,"361":0,"362":0,"363":0,"364":0,"365":0,"366":0,"367":0,"369":0,"370":0,"371":0,"372":0,"373":0,"374":0,"375":0,"376":0,"378":0,"379":0,"380":0,"381":0,"382":0,"383":0,"384":0,"385":0,"387":0,"388":0,"389":0,"390":0,"391":0,"392":0,"393":0,"395":0,"396":0,"397":0,"398":0,"399":0,"400":0,"401":0,"402":0,"404":0,"405":0,"406":0,"407":0,"408":0,"409":0,"410":0,"412":0,"413":0,"414":0,"415":0,"416":0,"417":0,"418":0,"419":0,"421":0,"422":0,"423":0,"424":0,"425":0,"426":0,"427":0,"428":0,"430":0,"431":0,"432":0,"433":0,"434":0,"435":0,"436":0,"438":0,"439":0,"440":0,"441":0,"442":0,"443":0,"444":0,"450":0,"451":0,"452":0,"453":0,"454":0,"455":0,"456":0,"457":0,"459":0,"460":0,"461":0,"462":0,"463":0,"464":0,"465":0,"467":0,"469":0,"472":0,"473":0,"474":0,"475":0,"476":0,"477":0,"478":0,"479":0,"480":0,"481":0,"482":0,"485":0,"486":0,"487":0,"488":0,"489":0,"490":0,"491":0,"492":0,"493":0,"494":0,"495":0,"496":0,"497":0,"498":0,"499":0,"500":0,"501":0,"503":0,"504":0,"505":0,"506":0,"507":0,"508":0,"510":0,"511":0,"512":0,"513":0,"514":0,"515":0,"521":0,"522":0,"523":0,"524":0,"525":0,"526":0,"527":0,"528":0,"530":0,"531":0,"532":0,"533":0,"534":0,"535":0,"536":0,"538":0,"539":0,"540":0,"541":0,"542":0,"543":0,"544":0,"545":0,"547":0,"548":0,"549":0,"550":0,"551":0,"552":0,"553":0,"555":0,"556":0,"557":0,"558":0,"559":0,"560":0,"561":0,"562":0,"564":0,"565":0,"566":0,"567":0,"568":0,"569":0,"570":0,"576":0,"577":0,"578":0,"579":0,"580":0,"581":0,"582":0,"583":0,"585":0,"586":0,"587":0,"588":0,"589":0,"590":0,"591":0,"592":0,"594":0,"595":0,"596":0,"597":0,"598":0,"599":0,"600":0,"601":0,"602":0,"603":0,"604":0,"606":0,"607":0,"608":0,"609":0,"610":0,"611":0,"612":0},"branchMap":{"0":{"type":"branch","line":1,"loc":{"start":{"line":1,"column":20147},"end":{"line":613,"column":2}},"locations":[{"start":{"line":1,"column":20147},"end":{"line":613,"column":2}}]}},"b":{"0":[0]},"fnMap":{"0":{"name":"(empty-report)","decl":{"start":{"line":1,"column":20147},"end":{"line":613,"column":2}},"loc":{"start":{"line":1,"column":20147},"end":{"line":613,"column":2}},"line":1}},"f":{"0":0}}
,"/Users/alexanderramin/Documents/GitHub/Victus/frontend/cypress/e2e/navigation.steps.ts": {"path":"/Users/alexanderramin/Documents/GitHub/Victus/frontend/cypress/e2e/navigation.steps.ts","all":true,"statementMap":{"0":{"start":{"line":1,"column":0},"end":{"line":1,"column":75}},"1":{"start":{"line":2,"column":0},"end":{"line":2,"column":54}},"3":{"start":{"line":4,"column":0},"end":{"line":4,"column":54}},"5":{"start":{"line":6,"column":0},"end":{"line":6,"column":39}},"6":{"start":{"line":7,"column":0},"end":{"line":7,"column":14}},"7":{"start":{"line":8,"column":0},"end":{"line":8,"column":18}},"8":{"start":{"line":9,"column":0},"end":{"line":9,"column":37}},"9":{"start":{"line":10,"column":0},"end":{"line":10,"column":23}},"10":{"start":{"line":11,"column":0},"end":{"line":11,"column":36}},"11":{"start":{"line":12,"column":0},"end":{"line":12,"column":2}},"13":{"start":{"line":14,"column":0},"end":{"line":14,"column":51}},"14":{"start":{"line":15,"column":0},"end":{"line":15,"column":64}},"15":{"start":{"line":16,"column":0},"end":{"line":16,"column":2}},"17":{"start":{"line":18,"column":0},"end":{"line":18,"column":53}},"18":{"start":{"line":19,"column":0},"end":{"line":19,"column":50}},"19":{"start":{"line":20,"column":0},"end":{"line":20,"column":2}},"21":{"start":{"line":22,"column":0},"end":{"line":22,"column":46}},"22":{"start":{"line":23,"column":0},"end":{"line":23,"column":43}},"23":{"start":{"line":24,"column":0},"end":{"line":24,"column":2}},"25":{"start":{"line":26,"column":0},"end":{"line":26,"column":49}},"26":{"start":{"line":27,"column":0},"end":{"line":27,"column":46}},"27":{"start":{"line":28,"column":0},"end":{"line":28,"column":2}},"29":{"start":{"line":30,"column":0},"end":{"line":30,"column":54}},"30":{"start":{"line":31,"column":0},"end":{"line":31,"column":51}},"31":{"start":{"line":32,"column":0},"end":{"line":32,"column":2}},"33":{"start":{"line":34,"column":0},"end":{"line":34,"column":49}},"34":{"start":{"line":35,"column":0},"end":{"line":35,"column":55}},"35":{"start":{"line":36,"column":0},"end":{"line":36,"column":2}},"37":{"start":{"line":38,"column":0},"end":{"line":38,"column":51}},"38":{"start":{"line":39,"column":0},"end":{"line":39,"column":37}},"39":{"start":{"line":40,"column":0},"end":{"line":40,"column":2}},"41":{"start":{"line":42,"column":0},"end":{"line":42,"column":44}},"42":{"start":{"line":43,"column":0},"end":{"line":43,"column":38}},"43":{"start":{"line":44,"column":0},"end":{"line":44,"column":2}},"45":{"start":{"line":46,"column":0},"end":{"line":46,"column":47}},"46":{"start":{"line":47,"column":0},"end":{"line":47,"column":33}},"47":{"start":{"line":48,"column":0},"end":{"line":48,"column":2}},"49":{"start":{"line":50,"column":0},"end":{"line":50,"column":52}},"50":{"start":{"line":51,"column":0},"end":{"line":51,"column":38}},"51":{"start":{"line":52,"column":0},"end":{"line":52,"column":2}},"53":{"start":{"line":54,"column":0},"end":{"line":54,"column":47}},"54":{"start":{"line":55,"column":0},"end":{"line":55,"column":33}},"55":{"start":{"line":56,"column":0},"end":{"line":56,"column":2}},"57":{"start":{"line":58,"column":0},"end":{"line":58,"column":54}},"59":{"start":{"line":60,"column":0},"end":{"line":60,"column":140}},"60":{"start":{"line":61,"column":0},"end":{"line":61,"column":2}},"62":{"start":{"line":63,"column":0},"end":{"line":63,"column":46}},"63":{"start":{"line":64,"column":0},"end":{"line":64,"column":57}},"64":{"start":{"line":65,"column":0},"end":{"line":65,"column":2}},"66":{"start":{"line":67,"column":0},"end":{"line":67,"column":47}},"67":{"start":{"line":68,"column":0},"end":{"line":68,"column":59}},"68":{"start":{"line":69,"column":0},"end":{"line":69,"column":2}},"70":{"start":{"line":71,"column":0},"end":{"line":71,"column":50}},"71":{"start":{"line":72,"column":0},"end":{"line":72,"column":51}},"72":{"start":{"line":73,"column":0},"end":{"line":73,"column":54}},"73":{"start":{"line":74,"column":0},"end":{"line":74,"column":2}},"75":{"start":{"line":76,"column":0},"end":{"line":76,"column":54}},"76":{"start":{"line":77,"column":0},"end":{"line":77,"column":55}},"77":{"start":{"line":78,"column":0},"end":{"line":78,"column":39}},"78":{"start":{"line":79,"column":0},"end":{"line":79,"column":2}},"80":{"start":{"line":81,"column":0},"end":{"line":81,"column":58}},"81":{"start":{"line":82,"column":0},"end":{"line":82,"column":80}},"82":{"start":{"line":83,"column":0},"end":{"line":83,"column":45}},"83":{"start":{"line":84,"column":0},"end":{"line":84,"column":107}},"84":{"start":{"line":85,"column":0},"end":{"line":85,"column":40}},"85":{"start":{"line":86,"column":0},"end":{"line":86,"column":4}},"86":{"start":{"line":87,"column":0},"end":{"line":87,"column":2}},"88":{"start":{"line":89,"column":0},"end":{"line":89,"column":55}},"89":{"start":{"line":90,"column":0},"end":{"line":90,"column":77}},"90":{"start":{"line":91,"column":0},"end":{"line":91,"column":45}},"91":{"start":{"line":92,"column":0},"end":{"line":92,"column":107}},"92":{"start":{"line":93,"column":0},"end":{"line":93,"column":40}},"93":{"start":{"line":94,"column":0},"end":{"line":94,"column":4}},"94":{"start":{"line":95,"column":0},"end":{"line":95,"column":2}}},"s":{"0":0,"1":0,"3":0,"5":0,"6":0,"7":0,"8":0,"9":0,"10":0,"11":0,"13":0,"14":0,"15":0,"17":0,"18":0,"19":0,"21":0,"22":0,"23":0,"25":0,"26":0,"27":0,"29":0,"30":0,"31":0,"33":0,"34":0,"35":0,"37":0,"38":0,"39":0,"41":0,"42":0,"43":0,"45":0,"46":0,"47":0,"49":0,"50":0,"51":0,"53":0,"54":0,"55":0,"57":0,"59":0,"60":0,"62":0,"63":0,"64":0,"66":0,"67":0,"68":0,"70":0,"71":0,"72":0,"73":0,"75":0,"76":0,"77":0,"78":0,"80":0,"81":0,"82":0,"83":0,"84":0,"85":0,"86":0,"88":0,"89":0,"90":0,"91":0,"92":0,"93":0,"94":0},"branchMap":{"0":{"type":"branch","line":1,"loc":{"start":{"line":1,"column":0},"end":{"line":95,"column":-556}},"locations":[{"start":{"line":1,"column":0},"end":{"line":95,"column":-556}}]}},"b":{"0":[0]},"fnMap":{"0":{"name":"(empty-report)","decl":{"start":{"line":1,"column":0},"end":{"line":95,"column":-556}},"loc":{"start":{"line":1,"column":0},"end":{"line":95,"column":-556}},"line":1}},"f":{"0":0}}
,"/Users/alexanderramin/Documents/GitHub/Victus/frontend/cypress/e2e/onboarding.steps.ts": {"path":"/Users/alexanderramin/Documents/GitHub/Victus/frontend/cypress/e2e/onboarding.steps.ts","all":true,"statementMap":{"0":{"start":{"line":1,"column":0},"end":{"line":1,"column":75}},"1":{"start":{"line":2,"column":0},"end":{"line":2,"column":58}},"3":{"start":{"line":4,"column":0},"end":{"line":4,"column":54}},"5":{"start":{"line":6,"column":0},"end":{"line":6,"column":39}},"6":{"start":{"line":7,"column":0},"end":{"line":7,"column":72}},"7":{"start":{"line":8,"column":0},"end":{"line":8,"column":2}},"9":{"start":{"line":10,"column":0},"end":{"line":10,"column":34}},"11":{"start":{"line":12,"column":0},"end":{"line":12,"column":14}},"12":{"start":{"line":13,"column":0},"end":{"line":13,"column":21}},"13":{"start":{"line":14,"column":0},"end":{"line":14,"column":40}},"14":{"start":{"line":15,"column":0},"end":{"line":15,"column":28}},"15":{"start":{"line":16,"column":0},"end":{"line":16,"column":4}},"17":{"start":{"line":18,"column":0},"end":{"line":18,"column":14}},"18":{"start":{"line":19,"column":0},"end":{"line":19,"column":21}},"19":{"start":{"line":20,"column":0},"end":{"line":20,"column":37}},"20":{"start":{"line":21,"column":0},"end":{"line":21,"column":28}},"21":{"start":{"line":22,"column":0},"end":{"line":22,"column":4}},"22":{"start":{"line":23,"column":0},"end":{"line":23,"column":2}},"24":{"start":{"line":25,"column":0},"end":{"line":25,"column":39}},"25":{"start":{"line":26,"column":0},"end":{"line":26,"column":14}},"26":{"start":{"line":27,"column":0},"end":{"line":27,"column":18}},"27":{"start":{"line":28,"column":0},"end":{"line":28,"column":37}},"28":{"start":{"line":29,"column":0},"end":{"line":29,"column":25}},"29":{"start":{"line":30,"column":0},"end":{"line":30,"column":36}},"30":{"start":{"line":31,"column":0},"end":{"line":31,"column":2}},"32":{"start":{"line":33,"column":0},"end":{"line":33,"column":50}},"33":{"start":{"line":34,"column":0},"end":{"line":34,"column":55}},"34":{"start":{"line":35,"column":0},"end":{"line":35,"column":49}},"35":{"start":{"line":36,"column":0},"end":{"line":36,"column":2}},"37":{"start":{"line":38,"column":0},"end":{"line":38,"column":62}},"39":{"start":{"line":40,"column":0},"end":{"line":40,"column":66}},"40":{"start":{"line":41,"column":0},"end":{"line":41,"column":67}},"41":{"start":{"line":42,"column":0},"end":{"line":42,"column":68}},"42":{"start":{"line":43,"column":0},"end":{"line":43,"column":2}},"44":{"start":{"line":45,"column":0},"end":{"line":45,"column":39}},"45":{"start":{"line":46,"column":0},"end":{"line":46,"column":39}},"46":{"start":{"line":47,"column":0},"end":{"line":47,"column":2}},"48":{"start":{"line":49,"column":0},"end":{"line":49,"column":43}},"49":{"start":{"line":50,"column":0},"end":{"line":50,"column":43}},"50":{"start":{"line":51,"column":0},"end":{"line":51,"column":2}},"52":{"start":{"line":53,"column":0},"end":{"line":53,"column":43}},"53":{"start":{"line":54,"column":0},"end":{"line":54,"column":43}},"54":{"start":{"line":55,"column":0},"end":{"line":55,"column":2}},"56":{"start":{"line":57,"column":0},"end":{"line":57,"column":52}},"57":{"start":{"line":58,"column":0},"end":{"line":58,"column":49}},"58":{"start":{"line":59,"column":0},"end":{"line":59,"column":52}},"59":{"start":{"line":60,"column":0},"end":{"line":60,"column":2}},"61":{"start":{"line":62,"column":0},"end":{"line":62,"column":51}},"63":{"start":{"line":64,"column":0},"end":{"line":64,"column":34}},"64":{"start":{"line":65,"column":0},"end":{"line":65,"column":25}},"65":{"start":{"line":66,"column":0},"end":{"line":66,"column":38}},"66":{"start":{"line":67,"column":0},"end":{"line":67,"column":64}},"67":{"start":{"line":68,"column":0},"end":{"line":68,"column":25}},"68":{"start":{"line":69,"column":0},"end":{"line":69,"column":53}},"69":{"start":{"line":70,"column":0},"end":{"line":70,"column":5}},"70":{"start":{"line":71,"column":0},"end":{"line":71,"column":4}},"71":{"start":{"line":72,"column":0},"end":{"line":72,"column":2}},"73":{"start":{"line":74,"column":0},"end":{"line":74,"column":55}},"74":{"start":{"line":75,"column":0},"end":{"line":75,"column":49}},"75":{"start":{"line":76,"column":0},"end":{"line":76,"column":2}},"77":{"start":{"line":78,"column":0},"end":{"line":78,"column":42}},"79":{"start":{"line":80,"column":0},"end":{"line":80,"column":66}},"80":{"start":{"line":81,"column":0},"end":{"line":81,"column":2}},"82":{"start":{"line":83,"column":0},"end":{"line":83,"column":47}},"84":{"start":{"line":85,"column":0},"end":{"line":85,"column":100}},"86":{"start":{"line":87,"column":0},"end":{"line":87,"column":54}},"87":{"start":{"line":88,"column":0},"end":{"line":88,"column":2}},"89":{"start":{"line":90,"column":0},"end":{"line":90,"column":43}},"90":{"start":{"line":91,"column":0},"end":{"line":91,"column":14}},"91":{"start":{"line":92,"column":0},"end":{"line":92,"column":18}},"92":{"start":{"line":93,"column":0},"end":{"line":93,"column":37}},"93":{"start":{"line":94,"column":0},"end":{"line":94,"column":36}},"94":{"start":{"line":95,"column":0},"end":{"line":95,"column":2}},"96":{"start":{"line":97,"column":0},"end":{"line":97,"column":40}},"97":{"start":{"line":98,"column":0},"end":{"line":98,"column":46}},"98":{"start":{"line":99,"column":0},"end":{"line":99,"column":2}},"100":{"start":{"line":101,"column":0},"end":{"line":101,"column":54}},"101":{"start":{"line":102,"column":0},"end":{"line":102,"column":49}},"102":{"start":{"line":103,"column":0},"end":{"line":103,"column":2}},"104":{"start":{"line":105,"column":0},"end":{"line":105,"column":48}},"105":{"start":{"line":106,"column":0},"end":{"line":106,"column":49}},"106":{"start":{"line":107,"column":0},"end":{"line":107,"column":2}},"108":{"start":{"line":109,"column":0},"end":{"line":109,"column":54}},"109":{"start":{"line":110,"column":0},"end":{"line":110,"column":54}},"110":{"start":{"line":111,"column":0},"end":{"line":111,"column":2}},"116":{"start":{"line":117,"column":0},"end":{"line":117,"column":49}},"117":{"start":{"line":118,"column":0},"end":{"line":118,"column":50}},"118":{"start":{"line":119,"column":0},"end":{"line":119,"column":2}},"120":{"start":{"line":121,"column":0},"end":{"line":121,"column":45}},"121":{"start":{"line":122,"column":0},"end":{"line":122,"column":46}},"122":{"start":{"line":123,"column":0},"end":{"line":123,"column":2}},"124":{"start":{"line":125,"column":0},"end":{"line":125,"column":46}},"125":{"start":{"line":126,"column":0},"end":{"line":126,"column":51}},"126":{"start":{"line":127,"column":0},"end":{"line":127,"column":2}},"128":{"start":{"line":129,"column":0},"end":{"line":129,"column":51}},"129":{"start":{"line":130,"column":0},"end":{"line":130,"column":52}},"130":{"start":{"line":131,"column":0},"end":{"line":131,"column":2}},"132":{"start":{"line":133,"column":0},"end":{"line":133,"column":64}},"133":{"start":{"line":134,"column":0},"end":{"line":134,"column":14}},"134":{"start":{"line":135,"column":0},"end":{"line":135,"column":18}},"135":{"start":{"line":136,"column":0},"end":{"line":136,"column":37}},"136":{"start":{"line":137,"column":0},"end":{"line":137,"column":25}},"137":{"start":{"line":138,"column":0},"end":{"line":138,"column":61}},"138":{"start":{"line":139,"column":0},"end":{"line":139,"column":4}},"139":{"start":{"line":140,"column":0},"end":{"line":140,"column":2}},"141":{"start":{"line":142,"column":0},"end":{"line":142,"column":60}},"142":{"start":{"line":143,"column":0},"end":{"line":143,"column":14}},"143":{"start":{"line":144,"column":0},"end":{"line":144,"column":18}},"144":{"start":{"line":145,"column":0},"end":{"line":145,"column":37}},"145":{"start":{"line":146,"column":0},"end":{"line":146,"column":25}},"146":{"start":{"line":147,"column":0},"end":{"line":147,"column":57}},"147":{"start":{"line":148,"column":0},"end":{"line":148,"column":4}},"148":{"start":{"line":149,"column":0},"end":{"line":149,"column":2}},"150":{"start":{"line":151,"column":0},"end":{"line":151,"column":61}},"151":{"start":{"line":152,"column":0},"end":{"line":152,"column":14}},"152":{"start":{"line":153,"column":0},"end":{"line":153,"column":18}},"153":{"start":{"line":154,"column":0},"end":{"line":154,"column":37}},"154":{"start":{"line":155,"column":0},"end":{"line":155,"column":25}},"155":{"start":{"line":156,"column":0},"end":{"line":156,"column":58}},"156":{"start":{"line":157,"column":0},"end":{"line":157,"column":4}},"157":{"start":{"line":158,"column":0},"end":{"line":158,"column":2}},"159":{"start":{"line":160,"column":0},"end":{"line":160,"column":66}},"160":{"start":{"line":161,"column":0},"end":{"line":161,"column":14}},"161":{"start":{"line":162,"column":0},"end":{"line":162,"column":18}},"162":{"start":{"line":163,"column":0},"end":{"line":163,"column":37}},"163":{"start":{"line":164,"column":0},"end":{"line":164,"column":25}},"164":{"start":{"line":165,"column":0},"end":{"line":165,"column":63}},"165":{"start":{"line":166,"column":0},"end":{"line":166,"column":4}},"166":{"start":{"line":167,"column":0},"end":{"line":167,"column":2}},"172":{"start":{"line":173,"column":0},"end":{"line":173,"column":41}},"173":{"start":{"line":174,"column":0},"end":{"line":174,"column":45}},"174":{"start":{"line":175,"column":0},"end":{"line":175,"column":2}},"176":{"start":{"line":177,"column":0},"end":{"line":177,"column":45}},"177":{"start":{"line":178,"column":0},"end":{"line":178,"column":49}},"178":{"start":{"line":179,"column":0},"end":{"line":179,"column":2}},"180":{"start":{"line":181,"column":0},"end":{"line":181,"column":41}},"181":{"start":{"line":182,"column":0},"end":{"line":182,"column":45}},"182":{"start":{"line":183,"column":0},"end":{"line":183,"column":2}},"184":{"start":{"line":185,"column":0},"end":{"line":185,"column":56}},"185":{"start":{"line":186,"column":0},"end":{"line":186,"column":14}},"186":{"start":{"line":187,"column":0},"end":{"line":187,"column":18}},"187":{"start":{"line":188,"column":0},"end":{"line":188,"column":37}},"188":{"start":{"line":189,"column":0},"end":{"line":189,"column":25}},"189":{"start":{"line":190,"column":0},"end":{"line":190,"column":54}},"190":{"start":{"line":191,"column":0},"end":{"line":191,"column":4}},"191":{"start":{"line":192,"column":0},"end":{"line":192,"column":2}},"193":{"start":{"line":194,"column":0},"end":{"line":194,"column":53}},"194":{"start":{"line":195,"column":0},"end":{"line":195,"column":14}},"195":{"start":{"line":196,"column":0},"end":{"line":196,"column":18}},"196":{"start":{"line":197,"column":0},"end":{"line":197,"column":37}},"197":{"start":{"line":198,"column":0},"end":{"line":198,"column":25}},"198":{"start":{"line":199,"column":0},"end":{"line":199,"column":51}},"199":{"start":{"line":200,"column":0},"end":{"line":200,"column":4}},"200":{"start":{"line":201,"column":0},"end":{"line":201,"column":2}},"202":{"start":{"line":203,"column":0},"end":{"line":203,"column":56}},"203":{"start":{"line":204,"column":0},"end":{"line":204,"column":14}},"204":{"start":{"line":205,"column":0},"end":{"line":205,"column":18}},"205":{"start":{"line":206,"column":0},"end":{"line":206,"column":37}},"206":{"start":{"line":207,"column":0},"end":{"line":207,"column":25}},"207":{"start":{"line":208,"column":0},"end":{"line":208,"column":54}},"208":{"start":{"line":209,"column":0},"end":{"line":209,"column":4}},"209":{"start":{"line":210,"column":0},"end":{"line":210,"column":2}},"215":{"start":{"line":216,"column":0},"end":{"line":216,"column":52}},"216":{"start":{"line":217,"column":0},"end":{"line":217,"column":85}},"217":{"start":{"line":218,"column":0},"end":{"line":218,"column":2}},"219":{"start":{"line":220,"column":0},"end":{"line":220,"column":52}},"220":{"start":{"line":221,"column":0},"end":{"line":221,"column":85}},"221":{"start":{"line":222,"column":0},"end":{"line":222,"column":2}},"223":{"start":{"line":224,"column":0},"end":{"line":224,"column":58}},"224":{"start":{"line":225,"column":0},"end":{"line":225,"column":90}},"225":{"start":{"line":226,"column":0},"end":{"line":226,"column":2}},"227":{"start":{"line":228,"column":0},"end":{"line":228,"column":45}},"228":{"start":{"line":229,"column":0},"end":{"line":229,"column":66}},"229":{"start":{"line":230,"column":0},"end":{"line":230,"column":68}},"230":{"start":{"line":231,"column":0},"end":{"line":231,"column":2}},"232":{"start":{"line":233,"column":0},"end":{"line":233,"column":52}},"233":{"start":{"line":234,"column":0},"end":{"line":234,"column":85}},"234":{"start":{"line":235,"column":0},"end":{"line":235,"column":2}},"236":{"start":{"line":237,"column":0},"end":{"line":237,"column":52}},"237":{"start":{"line":238,"column":0},"end":{"line":238,"column":85}},"238":{"start":{"line":239,"column":0},"end":{"line":239,"column":2}},"240":{"start":{"line":241,"column":0},"end":{"line":241,"column":59}},"241":{"start":{"line":242,"column":0},"end":{"line":242,"column":66}},"242":{"start":{"line":243,"column":0},"end":{"line":243,"column":67}},"243":{"start":{"line":244,"column":0},"end":{"line":244,"column":2}},"249":{"start":{"line":250,"column":0},"end":{"line":250,"column":55}},"251":{"start":{"line":252,"column":0},"end":{"line":252,"column":32}},"252":{"start":{"line":253,"column":0},"end":{"line":253,"column":2}},"258":{"start":{"line":259,"column":0},"end":{"line":259,"column":41}},"259":{"start":{"line":260,"column":0},"end":{"line":260,"column":57}},"260":{"start":{"line":261,"column":0},"end":{"line":261,"column":2}},"262":{"start":{"line":263,"column":0},"end":{"line":263,"column":62}},"263":{"start":{"line":264,"column":0},"end":{"line":264,"column":14}},"264":{"start":{"line":265,"column":0},"end":{"line":265,"column":18}},"265":{"start":{"line":266,"column":0},"end":{"line":266,"column":37}},"266":{"start":{"line":267,"column":0},"end":{"line":267,"column":25}},"268":{"start":{"line":269,"column":0},"end":{"line":269,"column":82}},"269":{"start":{"line":270,"column":0},"end":{"line":270,"column":4}},"270":{"start":{"line":271,"column":0},"end":{"line":271,"column":2}}},"s":{"0":0,"1":0,"3":0,"5":0,"6":0,"7":0,"9":0,"11":0,"12":0,"13":0,"14":0,"15":0,"17":0,"18":0,"19":0,"20":0,"21":0,"22":0,"24":0,"25":0,"26":0,"27":0,"28":0,"29":0,"30":0,"32":0,"33":0,"34":0,"35":0,"37":0,"39":0,"40":0,"41":0,"42":0,"44":0,"45":0,"46":0,"48":0,"49":0,"50":0,"52":0,"53":0,"54":0,"56":0,"57":0,"58":0,"59":0,"61":0,"63":0,"64":0,"65":0,"66":0,"67":0,"68":0,"69":0,"70":0,"71":0,"73":0,"74":0,"75":0,"77":0,"79":0,"80":0,"82":0,"84":0,"86":0,"87":0,"89":0,"90":0,"91":0,"92":0,"93":0,"94":0,"96":0,"97":0,"98":0,"100":0,"101":0,"102":0,"104":0,"105":0,"106":0,"108":0,"109":0,"110":0,"116":0,"117":0,"118":0,"120":0,"121":0,"122":0,"124":0,"125":0,"126":0,"128":0,"129":0,"130":0,"132":0,"133":0,"134":0,"135":0,"136":0,"137":0,"138":0,"139":0,"141":0,"142":0,"143":0,"144":0,"145":0,"146":0,"147":0,"148":0,"150":0,"151":0,"152":0,"153":0,"154":0,"155":0,"156":0,"157":0,"159":0,"160":0,"161":0,"162":0,"163":0,"164":0,"165":0,"166":0,"172":0,"173":0,"174":0,"176":0,"177":0,"178":0,"180":0,"181":0,"182":0,"184":0,"185":0,"186":0,"187":0,"188":0,"189":0,"190":0,"191":0,"193":0,"194":0,"195":0,"196":0,"197":0,"198":0,"199":0,"200":0,"202":0,"203":0,"204":0,"205":0,"206":0,"207":0,"208":0,"209":0,"215":0,"216":0,"217":0,"219":0,"220":0,"221":0,"223":0,"224":0,"225":0,"227":0,"228":0,"229":0,"230":0,"232":0,"233":0,"234":0,"236":0,"237":0,"238":0,"240":0,"241":0,"242":0,"243":0,"249":0,"251":0,"252":0,"258":0,"259":0,"260":0,"262":0,"263":0,"264":0,"265":0,"266":0,"268":0,"269":0,"270":0},"branchMap":{"0":{"type":"branch","line":1,"loc":{"start":{"line":1,"column":8157},"end":{"line":271,"column":2}},"locations":[{"start":{"line":1,"column":8157},"end":{"line":271,"column":2}}]}},"b":{"0":[0]},"fnMap":{"0":{"name":"(empty-report)","decl":{"start":{"line":1,"column":8157},"end":{"line":271,"column":2}},"loc":{"start":{"line":1,"column":8157},"end":{"line":271,"column":2}},"line":1}},"f":{"0":0}}
,"/Users/alexanderramin/Documents/GitHub/Victus/frontend/cypress/e2e/plan.steps.ts": {"path":"/Users/alexanderramin/Documents/GitHub/Victus/frontend/cypress/e2e/plan.steps.ts","all":true,"statementMap":{"3":{"start":{"line":4,"column":0},"end":{"line":4,"column":75}},"4":{"start":{"line":5,"column":0},"end":{"line":5,"column":46}},"6":{"start":{"line":7,"column":0},"end":{"line":7,"column":54}},"7":{"start":{"line":8,"column":0},"end":{"line":8,"column":52}},"10":{"start":{"line":11,"column":0},"end":{"line":11,"column":39}},"16":{"start":{"line":17,"column":0},"end":{"line":17,"column":23}},"17":{"start":{"line":18,"column":0},"end":{"line":18,"column":19}},"18":{"start":{"line":19,"column":0},"end":{"line":19,"column":21}},"19":{"start":{"line":20,"column":0},"end":{"line":20,"column":22}},"20":{"start":{"line":21,"column":0},"end":{"line":21,"column":21}},"21":{"start":{"line":22,"column":0},"end":{"line":22,"column":46}},"22":{"start":{"line":23,"column":0},"end":{"line":23,"column":4}},"23":{"start":{"line":24,"column":0},"end":{"line":24,"column":19}},"24":{"start":{"line":25,"column":0},"end":{"line":25,"column":21}},"25":{"start":{"line":26,"column":0},"end":{"line":26,"column":22}},"26":{"start":{"line":27,"column":0},"end":{"line":27,"column":21}},"27":{"start":{"line":28,"column":0},"end":{"line":28,"column":46}},"28":{"start":{"line":29,"column":0},"end":{"line":29,"column":4}},"29":{"start":{"line":30,"column":0},"end":{"line":30,"column":25}},"30":{"start":{"line":31,"column":0},"end":{"line":31,"column":21}},"31":{"start":{"line":32,"column":0},"end":{"line":32,"column":22}},"32":{"start":{"line":33,"column":0},"end":{"line":33,"column":21}},"33":{"start":{"line":34,"column":0},"end":{"line":34,"column":56}},"34":{"start":{"line":35,"column":0},"end":{"line":35,"column":4}},"35":{"start":{"line":36,"column":0},"end":{"line":36,"column":25}},"36":{"start":{"line":37,"column":0},"end":{"line":37,"column":21}},"37":{"start":{"line":38,"column":0},"end":{"line":38,"column":22}},"38":{"start":{"line":39,"column":0},"end":{"line":39,"column":21}},"39":{"start":{"line":40,"column":0},"end":{"line":40,"column":56}},"40":{"start":{"line":41,"column":0},"end":{"line":41,"column":4}},"41":{"start":{"line":42,"column":0},"end":{"line":42,"column":16}},"42":{"start":{"line":43,"column":0},"end":{"line":43,"column":21}},"43":{"start":{"line":44,"column":0},"end":{"line":44,"column":22}},"44":{"start":{"line":45,"column":0},"end":{"line":45,"column":21}},"45":{"start":{"line":46,"column":0},"end":{"line":46,"column":21}},"46":{"start":{"line":47,"column":0},"end":{"line":47,"column":4}},"47":{"start":{"line":48,"column":0},"end":{"line":48,"column":16}},"48":{"start":{"line":49,"column":0},"end":{"line":49,"column":21}},"49":{"start":{"line":50,"column":0},"end":{"line":50,"column":22}},"50":{"start":{"line":51,"column":0},"end":{"line":51,"column":21}},"51":{"start":{"line":52,"column":0},"end":{"line":52,"column":23}},"52":{"start":{"line":53,"column":0},"end":{"line":53,"column":4}},"53":{"start":{"line":54,"column":0},"end":{"line":54,"column":21}},"54":{"start":{"line":55,"column":0},"end":{"line":55,"column":21}},"55":{"start":{"line":56,"column":0},"end":{"line":56,"column":22}},"56":{"start":{"line":57,"column":0},"end":{"line":57,"column":21}},"57":{"start":{"line":58,"column":0},"end":{"line":58,"column":21}},"58":{"start":{"line":59,"column":0},"end":{"line":59,"column":4}},"59":{"start":{"line":60,"column":0},"end":{"line":60,"column":21}},"60":{"start":{"line":61,"column":0},"end":{"line":61,"column":21}},"61":{"start":{"line":62,"column":0},"end":{"line":62,"column":22}},"62":{"start":{"line":63,"column":0},"end":{"line":63,"column":21}},"63":{"start":{"line":64,"column":0},"end":{"line":64,"column":23}},"64":{"start":{"line":65,"column":0},"end":{"line":65,"column":4}},"65":{"start":{"line":66,"column":0},"end":{"line":66,"column":21}},"66":{"start":{"line":67,"column":0},"end":{"line":67,"column":30}},"67":{"start":{"line":68,"column":0},"end":{"line":68,"column":22}},"68":{"start":{"line":69,"column":0},"end":{"line":69,"column":21}},"69":{"start":{"line":70,"column":0},"end":{"line":70,"column":21}},"70":{"start":{"line":71,"column":0},"end":{"line":71,"column":4}},"71":{"start":{"line":72,"column":0},"end":{"line":72,"column":1}},"77":{"start":{"line":78,"column":0},"end":{"line":78,"column":40}},"78":{"start":{"line":79,"column":0},"end":{"line":79,"column":72}},"79":{"sta
[...]
lumn":0},"end":{"line":161,"column":19}},"161":{"start":{"line":162,"column":0},"end":{"line":162,"column":23}},"162":{"start":{"line":163,"column":0},"end":{"line":163,"column":18}},"163":{"start":{"line":164,"column":0},"end":{"line":164,"column":16}},"164":{"start":{"line":165,"column":0},"end":{"line":165,"column":65}},"167":{"start":{"line":168,"column":0},"end":{"line":168,"column":57}},"168":{"start":{"line":169,"column":0},"end":{"line":169,"column":61}},"169":{"start":{"line":170,"column":0},"end":{"line":170,"column":58}},"172":{"start":{"line":173,"column":0},"end":{"line":173,"column":34}},"173":{"start":{"line":174,"column":0},"end":{"line":174,"column":89}},"174":{"start":{"line":175,"column":0},"end":{"line":175,"column":41}},"175":{"start":{"line":176,"column":0},"end":{"line":176,"column":3}},"176":{"start":{"line":177,"column":0},"end":{"line":177,"column":49}},"179":{"start":{"line":180,"column":0},"end":{"line":180,"column":80}},"180":{"start":{"line":181,"column":0},"end":{"line":181,"column":53}},"182":{"start":{"line":183,"column":0},"end":{"line":183,"column":34}},"183":{"start":{"line":184,"column":0},"end":{"line":184,"column":70}},"184":{"start":{"line":185,"column":0},"end":{"line":185,"column":37}},"185":{"start":{"line":186,"column":0},"end":{"line":186,"column":3}},"186":{"start":{"line":187,"column":0},"end":{"line":187,"column":53}},"188":{"start":{"line":189,"column":0},"end":{"line":189,"column":10}},"189":{"start":{"line":190,"column":0},"end":{"line":190,"column":16}},"190":{"start":{"line":191,"column":0},"end":{"line":191,"column":99}},"191":{"start":{"line":192,"column":0},"end":{"line":192,"column":106}},"192":{"start":{"line":193,"column":0},"end":{"line":193,"column":87}},"193":{"start":{"line":194,"column":0},"end":{"line":194,"column":6}},"194":{"start":{"line":195,"column":0},"end":{"line":195,"column":12}},"195":{"start":{"line":196,"column":0},"end":{"line":196,"column":95}},"196":{"start":{"line":197,"column":0},"end":{"line":197,"column":102}},"197":{"start":{"line":198,"column":0},"end":{"line":198,"column":83}},"198":{"start":{"line":199,"column":0},"end":{"line":199,"column":6}},"199":{"start":{"line":200,"column":0},"end":{"line":200,"column":13}},"200":{"start":{"line":201,"column":0},"end":{"line":201,"column":96}},"201":{"start":{"line":202,"column":0},"end":{"line":202,"column":103}},"202":{"start":{"line":203,"column":0},"end":{"line":203,"column":84}},"203":{"start":{"line":204,"column":0},"end":{"line":204,"column":6}},"204":{"start":{"line":205,"column":0},"end":{"line":205,"column":4}},"205":{"start":{"line":206,"column":0},"end":{"line":206,"column":1}},"215":{"start":{"line":216,"column":0},"end":{"line":216,"column":44}},"216":{"start":{"line":217,"column":0},"end":{"line":217,"column":23}},"217":{"start":{"line":218,"column":0},"end":{"line":218,"column":33}},"218":{"start":{"line":219,"column":0},"end":{"line":219,"column":24}},"220":{"start":{"line":221,"column":0},"end":{"line":221,"column":53}},"221":{"start":{"line":222,"column":0},"end":{"line":222,"column":16}},"222":{"start":{"line":223,"column":0},"end":{"line":223,"column":3}},"224":{"start":{"line":225,"column":0},"end":{"line":225,"column":37}},"225":{"start":{"line":226,"column":0},"end":{"line":226,"column":35}},"226":{"start":{"line":227,"column":0},"end":{"line":227,"column":58}},"229":{"start":{"line":230,"column":0},"end":{"line":230,"column":46}},"232":{"start":{"line":233,"column":0},"end":{"line":233,"column":73}},"235":{"start":{"line":236,"column":0},"end":{"line":236,"column":56}},"238":{"start":{"line":239,"column":0},"end":{"line":239,"column":29}},"239":{"start":{"line":240,"column":0},"end":{"line":240,"column":26}},"241":{"start":{"line":242,"column":0},"end":{"line":242,"column":25}},"242":{"start":{"line":243,"column":0},"end":{"line":243,"column":25}},"243":{"start":{"line":244,"column":0},"end":{"line":244,"column":77}},"244":{"start":{"line":245,"column":0},"end":{"line":245,"column":38}},"245":{"start":{"line":246,"column":0},"end":{"line":246,"column":39}},"246":{"start":{"line":247,"column":0},"end":{"line":247,"column":12}},"247":{"start":{"line":248,"column":0},"end":{"line":248,"column":5}},"248":{"start":{"line":249,"column":0},"end":{"line":249,"column":25}},"249":{"start":{"line":250,"column":0},"end":{"line":250,"column":77}},"250":{"start":{"line":251,"column":0},"end":{"line":251,"column":38}},"251":{"start":{"line":252,"column":0},"end":{"line":252,"column":12}},"252":{"start":{"line":253,"column":0},"end":{"line":253,"column":5}},"253":{"start":{"line":254,"column":0},"end":{"line":254,"column":12}},"254":{"start":{"line":255,"column":0},"end":{"line":255,"column":28}},"255":{"start":{"line":256,"column":0},"end":{"line":256,"column":3}},"258":{"start":{"line":259,"column":0},"end":{"line":259,"column":52}},"259":{"start":{"line":260,"column":0},"end":{"line":260,"column":92}},"261":{"start":{"line":262,"column":0},"end":{"line":262,"column":55}},"262":{"start":{"line":263,"column":0},"end":{"line":263,"column":63}},"265":{"start":{"line":266,"column":0},"end":{"line":266,"column":50}},"266":{"start":{"line":267,"column":0},"end":{"line":267,"column":65}},"267":{"start":{"line":268,"column":0},"end":{"line":268,"column":73}},"268":{"start":{"line":269,"column":0},"end":{"line":269,"column":76}},"269":{"start":{"line":270,"column":0},"end":{"line":270,"column":51}},"272":{"start":{"line":273,"column":0},"end":{"line":273,"column":68}},"273":{"start":{"line":274,"column":0},"end":{"line":274,"column":41}},"274":{"start":{"line":275,"column":0},"end":{"line":275,"column":54}},"277":{"start":{"line":278,"column":0},"end":{"line":278,"column":45}},"278":{"start":{"line":279,"column":0},"end":{"line":279,"column":41}},"279":{"start":{"line":280,"column":0},"end":{"line":280,"column":91}},"280":{"start":{"line":281,"column":0},"end":{"line":281,"column":57}},"283":{"start":{"line":284,"column":0},"end":{"line":284,"column":23}},"284":{"start":{"line":285,"column":0},"end":{"line":285,"column":42}},"285":{"start":{"line":286,"column":0},"end":{"line":286,"column":47}},"286":{"start":{"line":287,"column":0},"end":{"line":287,"column":39}},"289":{"start":{"line":290,"column":0},"end":{"line":290,"column":76}},"290":{"start":{"line":291,"column":0},"end":{"line":291,"column":72}},"293":{"start":{"line":294,"column":0},"end":{"line":294,"column":36}},"294":{"start":{"line":295,"column":0},"end":{"line":295,"column":16}},"295":{"start":{"line":296,"column":0},"end":{"line":296,"column":18}},"296":{"start":{"line":297,"column":0},"end":{"line":297,"column":15}},"297":{"start":{"line":298,"column":0},"end":{"line":298,"column":11}},"298":{"start":{"line":299,"column":0},"end":{"line":299,"column":13}},"299":{"start":{"line":300,"column":0},"end":{"line":300,"column":12}},"300":{"start":{"line":301,"column":0},"end":{"line":301,"column":11}},"301":{"start":{"line":302,"column":0},"end":{"line":302,"column":4}},"304":{"start":{"line":305,"column":0},"end":{"line":305,"column":65}},"306":{"start":{"line":307,"column":0},"end":{"line":307,"column":10}},"307":{"start":{"line":308,"column":0},"end":{"line":308,"column":41}},"308":{"start":{"line":309,"column":0},"end":{"line":309,"column":45}},"309":{"start":{"line":310,"column":0},"end":{"line":310,"column":39}},"310":{"start":{"line":311,"column":0},"end":{"line":311,"column":45}},"311":{"start":{"line":312,"column":0},"end":{"line":312,"column":10}},"312":{"start":{"line":313,"column":0},"end":{"line":313,"column":11}},"313":{"start":{"line":314,"column":0},"end":{"line":314,"column":13}},"314":{"start":{"line":315,"column":0},"end":{"line":315,"column":11}},"315":{"start":{"line":316,"column":0},"end":{"line":316,"column":12}},"316":{"start":{"line":317,"column":0},"end":{"line":317,"column":4}},"317":{"start":{"line":318,"column":0},"end":{"line":318,"column":1}}},"s":{"17":0,"23":0,"24":0,"26":0,"27":0,"29":0,"30":0,"31":0,"33":0,"34":0,"35":0,"36":0,"38":0,"39":0,"40":0,"41":0,"42":0,"44":0,"45":0,"46":0,"49":0,"50":0,"51":0,"52":0,"53":0,"54":0,"55":0,"56":0,"57":0,"58":0,"59":0,"60":0,"61":0,"62":0,"71":0,"72":0,"73":0,"74":0,"75":0,"83":0,"84":0,"85":0,"86":0,"87":0,"88":0,"89":0,"90":0,"91":0,"92":0,"93":0,"94":0,"95":0,"96":0,"97":0,"98":0,"99":0,"100":0,"101":0,"102":0,"103":0,"104":0,"105":0,"111":0,"112":0,"113":0,"114":0,"115":0,"116":0,"117":0,"118":0,"119":0,"120":0,"122":0,"123":0,"124":0,"125":0,"126":0,"128":0,"129":0,"130":0,"131":0,"132":0,"133":0,"134":0,"135":0,"136":0,"137":0,"139":0,"140":0,"141":0,"143":0,"144":0,"145":0,"146":0,"147":0,"148":0,"150":0,"151":0,"152":0,"153":0,"155":0,"156":0,"157":0,"158":0,"159":0,"160":0,"161":0,"162":0,"163":0,"164":0,"167":0,"168":0,"169":0,"172":0,"173":0,"174":0,"175":0,"176":0,"179":0,"180":0,"182":0,"183":0,"184":0,"185":0,"186":0,"188":0,"189":0,"190":0,"191":0,"192":0,"193":0,"194":0,"195":0,"196":0,"197":0,"198":0,"199":0,"200":0,"201":0,"202":0,"203":0,"204":0,"205":0,"215":0,"216":0,"217":0,"218":0,"220":0,"221":0,"222":0,"224":0,"225":0,"226":0,"229":0,"232":0,"235":0,"238":0,"239":0,"241":0,"242":0,"243":0,"244":0,"245":0,"246":0,"247":0,"248":0,"249":0,"250":0,"251":0,"252":0,"253":0,"254":0,"255":0,"258":0,"259":0,"261":0,"262":0,"265":0,"266":0,"267":0,"268":0,"269":0,"272":0,"273":0,"274":0,"277":0,"278":0,"279":0,"280":0,"283":0,"284":0,"285":0,"286":0,"289":0,"290":0,"293":0,"294":0,"295":0,"296":0,"297":0,"298":0,"299":0,"300":0,"301":0,"304":0,"306":0,"307":0,"308":0,"309":0,"310":0,"311":0,"312":0,"313":0,"314":0,"315":0,"316":0,"317":0},"branchMap":{"0":{"type":"branch","line":1,"loc":{"start":{"line":1,"column":10251},"end":{"line":318,"column":1}},"locations":[{"start":{"line":1,"column":10251},"end":{"line":318,"column":1}}]}},"b":{"0":[1]},"fnMap":{"0":{"name":"(empty-report)","decl":{"start":{"line":1,"column":10251},"end":{"line":318,"column":1}},"loc":{"start":{"line":1,"column":10251},"end":{"line":318,"column":1}},"line":1}},"f":{"0":1}}
,"/Users/alexanderramin/Documents/GitHub/Victus/frontend/src/utils/date.ts": {"path":"/Users/alexanderramin/Documents/GitHub/Victus/frontend/src/utils/date.ts","all":false,"statementMap":{"8":{"start":{"line":9,"column":0},"end":{"line":9,"column":50}},"9":{"start":{"line":10,"column":0},"end":{"line":10,"column":76}},"10":{"start":{"line":11,"column":0},"end":{"line":11,"column":42}},"11":{"start":{"line":12,"column":0},"end":{"line":12,"column":2}},"16":{"start":{"line":17,"column":0},"end":{"line":17,"column":64}},"17":{"start":{"line":18,"column":0},"end":{"line":18,"column":63}},"18":{"start":{"line":19,"column":0},"end":{"line":19,"column":46}},"19":{"start":{"line":20,"column":0},"end":{"line":20,"column":78}},"20":{"start":{"line":21,"column":0},"end":{"line":21,"column":2}},"25":{"start":{"line":26,"column":0},"end":{"line":26,"column":62}},"26":{"start":{"line":27,"column":0},"end":{"line":27,"column":47}},"27":{"start":{"line":28,"column":0},"end":{"line":28,"column":41}},"28":{"start":{"line":29,"column":0},"end":{"line":29,"column":37}},"33":{"start":{"line":34,"column":0},"end":{"line":34,"column":76}},"38":{"start":{"line":39,"column":0},"end":{"line":39,"column":56}},"39":{"start":{"line":40,"column":0},"end":{"line":40,"column":60}},"40":{"start":{"line":41,"column":0},"end":{"line":41,"column":40}},"41":{"start":{"line":42,"column":0},"end":{"line":42,"column":2}},"46":{"start":{"line":47,"column":0},"end":{"line":47,"column":70}},"47":{"start":{"line":48,"column":0},"end":{"line":48,"column":41}},"53":{"start":{"line":54,"column":0},"end":{"line":54,"column":64}},"54":{"start":{"line":55,"column":0},"end":{"line":55,"column":65}},"55":{"start":{"line":56,"column":0},"end":{"line":56,"column":40}},"56":{"start":{"line":57,"column":0},"end":{"line":57,"column":20}},"57":{"start":{"line":58,"column":0},"end":{"line":58,"column":20}},"58":{"start":{"line":59,"column":0},"end":{"line":59,"column":18}},"59":{"start":{"line":60,"column":0},"end":{"line":60,"column":19}},"60":{"start":{"line":61,"column":0},"end":{"line":61,"column":5}},"61":{"start":{"line":62,"column":0},"end":{"line":62,"column":2}}},"s":{"8":1,"9":3,"10":3,"11":3,"16":1,"17":3,"18":3,"19":3,"20":3,"25":1,"26":7,"27":6,"28":5,"33":1,"38":1,"39":2,"40":2,"41":2,"46":1,"47":4,"53":1,"54":1,"55":1,"56":1,"57":1,"58":1,"59":1,"60":1,"61":1},"branchMap":{"0":{"type":"branch","line":9,"loc":{"start":{"line":9,"column":25},"end":{"line":12,"column":2}},"locations":[{"start":{"line":9,"column":25},"end":{"line":12,"column":2}}]},"1":{"type":"branch","line":17,"loc":{"start":{"line":17,"column":31},"end":{"line":21,"column":2}},"locations":[{"start":{"line":17,"column":31},"end":{"line":21,"column":2}}]},"2":{"type":"branch","line":26,"loc":{"start":{"line":26,"column":25},"end":{"line":29,"column":37}},"locations":[{"start":{"line":26,"column":25},"end":{"line":29,"column":37}}]},"3":{"type":"branch","line":27,"loc":{"start":{"line":27,"column":43},"end":{"line":28,"column":41}},"locations":[{"start":{"line":27,"column":43},"end":{"line":28,"column":41}}]},"4":{"type":"branch","line":28,"loc":{"start":{"line":28,"column":37},"end":{"line":29,"column":37}},"locations":[{"start":{"line":28,"column":37},"end":{"line":29,"column":37}}]},"5":{"type":"branch","line":34,"loc":{"start":{"line":34,"column":23},"end":{"line":34,"column":76}},"locations":[{"start":{"line":34,"column":23},"end":{"line":34,"column":76}}]},"6":{"type":"branch","line":39,"loc":{"start":{"line":39,"column":28},"end":{"line":42,"column":2}},"locations":[{"start":{"line":39,"column":28},"end":{"line":42,"column":2}}]},"7":{"type":"branch","line":47,"loc":{"start":{"line":47,"column":30},"end":{"line":48,"column":41}},"locations":[{"start":{"line":47,"column":30},"end":{"line":48,"column":41}}]},"8":{"type":"branch","line":54,"loc":{"start":{"line":54,"column":30},"end":{"line":62,"column":2}},"locations":[{"start":{"line":54,"column":30},"end":{"line":62,"column":2}}]},"9":{"type":"branch","line":55,"loc":{"start":{"line":55,"column":28},"end":{"line":55,"column":60}},"locations":[{"start":{"line":55,"column":28},"end":{"line":55,"column":60}}]}},"b":{"0":[3],"1":[3],"2":[7],"3":[6],"4":[5],"5":[3],"6":[2],"7":[4],"8":[1],"9":[0]},"fnMap":{"0":{"name":"toDateKey","decl":{"start":{"line":9,"column":25},"end":{"line":12,"column":2}},"loc":{"start":{"line":9,"column":25},"end":{"line":12,"column":2}},"line":9},"1":{"name":"formatShortDate","decl":{"start":{"line":17,"column":31},"end":{"line":21,"column":2}},"loc":{"start":{"line":17,"column":31},"end":{"line":21,"column":2}},"line":17},"2":{"name":"isSameDay","decl":{"start":{"line":26,"column":25},"end":{"line":29,"column":37}},"loc":{"start":{"line":26,"column":25},"end":{"line":29,"column":37}},"line":26},"3":{"name":"isToday","decl":{"start":{"line":34,"column":23},"end":{"line":34,"column":76}},"loc":{"start":{"line":34,"column":23},"end":{"line":34,"column":76}},"line":34},"4":{"name":"parseDateKey","decl":{"start":{"line":39,"column":28},"end":{"line":42,"column":2}},"loc":{"start":{"line":39,"column":28},"end":{"line":42,"column":2}},"line":39},"5":{"name":"getDaysInMonth","decl":{"start":{"line":47,"column":30},"end":{"line":48,"column":41}},"loc":{"start":{"line":47,"column":30},"end":{"line":48,"column":41}},"line":47},"6":{"name":"formatLongDate","decl":{"start":{"line":54,"column":30},"end":{"line":62,"column":2}},"loc":{"start":{"line":54,"column":30},"end":{"line":62,"column":2}},"line":54}},"f":{"0":3,"1":3,"2":7,"3":3,"4":2,"5":4,"6":1}}
,"/Users/alexanderramin/Documents/GitHub/Victus/frontend/src/utils/index.ts": {"path":"/Users/alexanderramin/Documents/GitHub/Victus/frontend/src/utils/index.ts","all":true,"statementMap":{"4":{"start":{"line":5,"column":0},"end":{"line":5,"column":23}},"5":{"start":{"line":6,"column":0},"end":{"line":6,"column":23}}},"s":{"4":0,"5":0},"branchMap":{"0":{"type":"branch","line":1,"loc":{"start":{"line":1,"column":88},"end":{"line":6,"column":23}},"locations":[{"start":{"line":1,"column":88},"end":{"line":6,"column":23}}]}},"b":{"0":[1]},"fnMap":{"0":{"name":"(empty-report)","decl":{"start":{"line":1,"column":88},"end":{"line":6,"column":23}},"loc":{"start":{"line":1,"column":88},"end":{"line":6,"column":23}},"line":1}},"f":{"0":1}}
,"/Users/alexanderramin/Documents/GitHub/Victus/frontend/src/utils/math.ts": {"path":"/Users/alexanderramin/Documents/GitHub/Victus/frontend/src/utils/math.ts","all":false,"statementMap":{"8":{"start":{"line":9,"column":0},"end":{"line":9,"column":57}},"9":{"start":{"line":10,"column":0},"end":{"line":10,"column":28}},"20":{"start":{"line":21,"column":0},"end":{"line":21,"column":32}},"21":{"start":{"line":22,"column":0},"end":{"line":22,"column":14}},"22":{"start":{"line":23,"column":0},"end":{"line":23,"column":33}},"23":{"start":{"line":24,"column":0},"end":{"line":24,"column":33}},"24":{"start":{"line":25,"column":0},"end":{"line":25,"column":32}},"26":{"start":{"line":27,"column":0},"end":{"line":27,"column":8}},"27":{"start":{"line":28,"column":0},"end":{"line":28,"column":94}},"28":{"start":{"line":29,"column":0},"end":{"line":29,"column":15}},"33":{"start":{"line":34,"column":0},"end":{"line":34,"column":73}},"34":{"start":{"line":35,"column":0},"end":{"line":35,"column":38}},"39":{"start":{"line":40,"column":0},"end":{"line":40,"column":68}},"40":{"start":{"line":41,"column":0},"end":{"line":41,"column":42}}},"s":{"8":1,"9":10,"20":1,"21":3,"22":3,"23":3,"24":3,"26":3,"27":3,"28":3,"33":1,"34":5,"39":1,"40":5},"branchMap":{"0":{"type":"branch","line":9,"loc":{"start":{"line":9,"column":31},"end":{"line":10,"column":28}},"locations":[{"start":{"line":9,"column":31},"end":{"line":10,"column":28}}]},"1":{"type":"branch","line":21,"loc":{"start":{"line":21,"column":28},"end":{"line":29,"column":15}},"locations":[{"start":{"line":21,"column":28},"end":{"line":29,"column":15}}]},"2":{"type":"branch","line":28,"loc":{"start":{"line":28,"column":9},"end":{"line":28,"column":93}},"locations":[{"start":{"line":28,"column":9},"end":{"line":28,"column":93}}]},"3":{"type":"branch","line":28,"loc":{"start":{"line":28,"column":40},"end":{"line":28,"column":50}},"locations":[{"start":{"line":28,"column":40},"end":{"line":28,"column":50}}]},"4":{"type":"branch","line":28,"loc":{"start":{"line":28,"column":44},"end":{"line":28,"column":53}},"locations":[{"start":{"line":28,"column":44},"end":{"line":28,"column":53}}]},"5":{"type":"branch","line":34,"loc":{"start":{"line":34,"column":21},"end":{"line":35,"column":38}},"locations":[{"start":{"line":34,"column":21},"end":{"line":35,"column":38}}]},"6":{"type":"branch","line":40,"loc":{"start":{"line":40,"column":27},"end":{"line":41,"column":42}},"locations":[{"start":{"line":40,"column":27},"end":{"line":41,"column":42}}]},"7":{"type":"branch","line":41,"loc":{"start":{"line":41,"column":12},"end":{"line":41,"column":21}},"locations":[{"start":{"line":41,"column":12},"end":{"line":41,"column":21}}]},"8":{"type":"branch","line":41,"loc":{"start":{"line":41,"column":16},"end":{"line":41,"column":42}},"locations":[{"start":{"line":41,"column":16},"end":{"line":41,"column":42}}]}},"b":{"0":[10],"1":[3],"2":[4],"3":[2],"4":[2],"5":[5],"6":[5],"7":[2],"8":[3]},"fnMap":{"0":{"name":"roundToNearest5","decl":{"start":{"line":9,"column":31},"end":{"line":10,"column":28}},"loc":{"start":{"line":9,"column":31},"end":{"line":10,"column":28}},"line":9},"1":{"name":"buildSvgPath","decl":{"start":{"line":21,"column":28},"end":{"line":29,"column":15}},"loc":{"start":{"line":21,"column":28},"end":{"line":29,"column":15}},"line":21},"2":{"name":"clamp","decl":{"start":{"line":34,"column":21},"end":{"line":35,"column":38}},"loc":{"start":{"line":34,"column":21},"end":{"line":35,"column":38}},"line":34},"3":{"name":"safePercent","decl":{"start":{"line":40,"column":27},"end":{"line":41,"column":42}},"loc":{"start":{"line":40,"column":27},"end":{"line":41,"column":42}},"line":40}},"f":{"0":10,"1":3,"2":5,"3":5}}
}
